10/02/2023 05:38:04 AM ###################################################################################
10/02/2023 05:38:04 AM Calculated the CROSS CORRELATION TERMS
10/02/2023 05:38:04 AM -----------------------------------------------------------------------------------
10/02/2023 05:39:12 AM Day 1
10/02/2023 05:39:12 AM Calculating dA_dt .....
10/02/2023 05:39:54 AM Calculating dF_dx .....
10/02/2023 05:40:38 AM Calculating dF1_adv_dx .....
10/02/2023 05:41:22 AM Calculating dF2_adv_dx .....
10/02/2023 05:42:09 AM Calculating dF_EPx_dx .....
10/02/2023 05:42:54 AM Calculating dF_EPy_dy .....
10/02/2023 05:43:40 AM Calculating dF_EPz_dz .....
10/02/2023 05:44:27 AM Calculating residual .....
10/02/2023 05:45:14 AM Saved 1 in 
 /data/pragallva/2023_repeat_ERA5/post_processing/filtered_parameters/band_pass_time_filter_004-infy_days//covar_corr/normalized_variance/ 
 /data/pragallva/2023_repeat_ERA5/post_processing/filtered_parameters/band_pass_time_filter_004-infy_days//covar_corr/variance/
10/02/2023 05:45:14 AM Day 2
10/02/2023 05:45:14 AM Calculating dA_dt .....
10/02/2023 05:45:59 AM Calculating dF_dx .....
10/02/2023 05:46:45 AM Calculating dF1_adv_dx .....
10/02/2023 05:47:29 AM Calculating dF2_adv_dx .....
10/02/2023 05:48:15 AM Calculating dF_EPx_dx .....
10/02/2023 05:49:01 AM Calculating dF_EPy_dy .....
10/02/2023 05:49:47 AM Calculating dF_EPz_dz .....
10/02/2023 05:50:33 AM Calculating residual .....
10/02/2023 05:51:20 AM Saved 2 in 
 /data/pragallva/2023_repeat_ERA5/post_processing/filtered_parameters/band_pass_time_filter_004-infy_days//covar_corr/normalized_variance/ 
 /data/pragallva/2023_repeat_ERA5/post_processing/filtered_parameters/band_pass_time_filter_004-infy_days//covar_corr/variance/
10/02/2023 05:51:20 AM Day 3
10/02/2023 05:51:20 AM Calculating dA_dt .....
10/02/2023 05:52:04 AM Calculating dF_dx .....
10/02/2023 05:52:51 AM Calculating dF1_adv_dx .....
10/02/2023 05:53:36 AM Calculating dF2_adv_dx .....
10/02/2023 05:54:22 AM Calculating dF_EPx_dx .....
10/02/2023 05:55:08 AM Calculating dF_EPy_dy .....
10/02/2023 05:55:54 AM Calculating dF_EPz_dz .....
10/02/2023 05:56:41 AM Calculating residual .....
10/02/2023 05:57:29 AM Saved 3 in 
 /data/pragallva/2023_repeat_ERA5/post_processing/filtered_parameters/band_pass_time_filter_004-infy_days//covar_corr/normalized_variance/ 
 /data/pragallva/2023_repeat_ERA5/post_processing/filtered_parameters/band_pass_time_filter_004-infy_days//covar_corr/variance/
10/02/2023 05:57:29 AM Day 4
10/02/2023 05:57:29 AM Calculating dA_dt .....
10/02/2023 05:58:13 AM Calculating dF_dx .....
10/02/2023 05:58:59 AM Calculating dF1_adv_dx .....
10/02/2023 05:59:45 AM Calculating dF2_adv_dx .....
10/02/2023 06:00:30 AM Calculating dF_EPx_dx .....
10/02/2023 06:01:16 AM Calculating dF_EPy_dy .....
10/02/2023 06:02:02 AM Calculating dF_EPz_dz .....
10/02/2023 06:02:48 AM Calculating residual .....
10/02/2023 06:03:36 AM Saved 4 in 
 /data/pragallva/2023_repeat_ERA5/post_processing/filtered_parameters/band_pass_time_filter_004-infy_days//covar_corr/normalized_variance/ 
 /data/pragallva/2023_repeat_ERA5/post_processing/filtered_parameters/band_pass_time_filter_004-infy_days//covar_corr/variance/
10/02/2023 06:03:36 AM -----------------------------------------------------------------------------------
10/02/2023 06:03:36 AM CROSS CORRELATION TERMS ARE CALCULATED, GOOD JOB !!!
10/02/2023 06:03:36 AM #####################################################################################
