10/04/2023 11:58:21 PM Beginning to load all the files .....
10/04/2023 11:59:27 PM ...Loaded all the files
10/04/2023 11:59:27 PM ------ Lon band --> lonm180-m120 and Lat band --> lat75-90 --- 
10/04/2023 11:59:27 PM -------Day 4 is not present-------
10/04/2023 11:59:27 PM ------ Lon band --> lonm180-m120 and Lat band --> lat75-90 --- 
10/04/2023 11:59:27 PM -------Day 5 is not present-------
10/04/2023 11:59:27 PM ------ Lon band --> lonm180-m120 and Lat band --> lat75-90 --- 
10/04/2023 11:59:27 PM -------Day 6 is not present-------
10/04/2023 11:59:27 PM ------ Lon band --> lonm180-m120 and Lat band --> lat75-90 --- 
10/04/2023 11:59:27 PM -------Day 7 is not present-------
10/04/2023 11:59:27 PM ------ Lon band --> lonm180-m120 and Lat band --> lat75-90 --- 
10/04/2023 11:59:27 PM -------Day 8 is not present-------
10/04/2023 11:59:27 PM ------ Lon band --> lonm180-m120 and Lat band --> lat75-90 --- 
10/04/2023 11:59:27 PM -------Day 9 is not present-------
10/04/2023 11:59:27 PM ------ Lon band --> lonm180-m120 and Lat band --> lat75-90 --- 
10/04/2023 11:59:27 PM -------Day 10 is not present-------
10/04/2023 11:59:27 PM ------ Lon band --> lonm180-m120 and Lat band --> lat75-90 --- 
10/04/2023 11:59:27 PM -------Day 11 is not present-------
10/04/2023 11:59:27 PM ------ Lon band --> lonm180-m120 and Lat band --> lat75-90 --- 
10/04/2023 11:59:27 PM -------Day 12 is not present-------
10/04/2023 11:59:27 PM ------ Lon band --> lonm180-m120 and Lat band --> lat75-90 --- 
10/04/2023 11:59:27 PM -------Day 13 is not present-------
10/04/2023 11:59:27 PM ------ Lon band --> lonm180-m120 and Lat band --> lat75-90 --- 
10/04/2023 11:59:27 PM -------Day 14 is not present-------
10/04/2023 11:59:27 PM ------ Lon band --> lonm180-m120 and Lat band --> lat75-90 --- 
10/04/2023 11:59:27 PM -------Day 15 is not present-------
10/04/2023 11:59:27 PM ------ Lon band --> lonm180-m120 and Lat band --> lat75-90 --- 
10/04/2023 11:59:27 PM -------Day 16 is not present-------
10/04/2023 11:59:27 PM ------ Lon band --> lonm180-m120 and Lat band --> lat75-90 --- 
10/04/2023 11:59:27 PM -------Day 17 is not present-------
10/04/2023 11:59:27 PM ------ Lon band --> lonm180-m120 and Lat band --> lat75-90 --- 
10/04/2023 11:59:27 PM -------Day 18 is not present-------
10/04/2023 11:59:27 PM ------ Lon band --> lonm180-m120 and Lat band --> lat75-90 --- 
10/04/2023 11:59:27 PM -------Day 19 is not present-------
10/04/2023 11:59:28 PM Awesome! Finished successfully
10/04/2023 11:59:28 PM <--- TOTAL Time taken --> 1.30
