10/05/2023 07:20:49 PM #########################################
10/05/2023 07:20:49 PM --> Working on block division now --> DELETE_REDUNDANT_BLOCKS
10/05/2023 07:20:49 PM -----------------------------------------
10/05/2023 07:20:49 PM On lat_band = lat20-30
10/05/2023 07:20:49 PM ---    ----   ----   ---
10/05/2023 07:20:49 PM On lon_band = lonp120-p180
10/05/2023 07:20:49 PM On lon_band = lonm180-m120
10/05/2023 07:20:51 PM On lon_band = lonm120-m60
10/05/2023 07:20:51 PM On lon_band = lonm60-m0
10/05/2023 07:20:52 PM On lon_band = lonp0-p60
10/05/2023 07:20:52 PM On lon_band = lonp60-p120
10/05/2023 07:20:52 PM On lat_band = lat30-45
10/05/2023 07:20:52 PM ---    ----   ----   ---
10/05/2023 07:20:52 PM On lon_band = lonp120-p180
10/05/2023 07:20:53 PM On lon_band = lonm180-m120
10/05/2023 07:20:56 PM On lon_band = lonm120-m60
10/05/2023 07:20:58 PM On lon_band = lonm60-m0
10/05/2023 07:21:03 PM On lon_band = lonp0-p60
10/05/2023 07:21:04 PM On lon_band = lonp60-p120
10/05/2023 07:21:04 PM On lat_band = lat45-60
10/05/2023 07:21:04 PM ---    ----   ----   ---
10/05/2023 07:21:04 PM On lon_band = lonp120-p180
10/05/2023 07:21:18 PM On lon_band = lonm180-m120
10/05/2023 07:21:26 PM On lon_band = lonm120-m60
10/05/2023 07:21:30 PM On lon_band = lonm60-m0
10/05/2023 07:21:55 PM On lon_band = lonp0-p60
10/05/2023 07:22:11 PM On lon_band = lonp60-p120
10/05/2023 07:22:16 PM On lat_band = lat60-75
10/05/2023 07:22:16 PM ---    ----   ----   ---
10/05/2023 07:22:16 PM On lon_band = lonp120-p180
10/05/2023 07:22:18 PM On lon_band = lonm180-m120
10/05/2023 07:22:18 PM On lon_band = lonm120-m60
10/05/2023 07:22:19 PM On lon_band = lonm60-m0
10/05/2023 07:22:20 PM On lon_band = lonp0-p60
10/05/2023 07:22:21 PM On lon_band = lonp60-p120
10/05/2023 07:22:22 PM On lat_band = lat75-90
10/05/2023 07:22:22 PM ---    ----   ----   ---
10/05/2023 07:22:22 PM On lon_band = lonp120-p180
10/05/2023 07:22:22 PM On lon_band = lonm180-m120
10/05/2023 07:22:22 PM On lon_band = lonm120-m60
10/05/2023 07:22:22 PM On lon_band = lonm60-m0
10/05/2023 07:22:22 PM On lon_band = lonp0-p60
10/05/2023 07:22:22 PM On lon_band = lonp60-p120
10/05/2023 07:23:19 PM Saved DELETE_REDUNDANT_BLOCKS
10/05/2023 07:23:19 PM *******************************************
10/05/2023 07:23:19 PM Time taken for this 149.471
10/05/2023 07:23:19 PM -----------------------------------------
10/05/2023 07:23:19 PM #########################################
10/05/2023 07:23:19 PM --> Working on block division now --> BlOCK_TYPES_DIVISION_LWA_based
10/05/2023 07:23:19 PM -----------------------------------------
10/05/2023 07:23:20 PM On lat_band = lat20-30
10/05/2023 07:23:20 PM ---    ----   ----   ---
10/05/2023 07:23:20 PM On lon_band = lonp120-p180
10/05/2023 07:23:20 PM On lon_band = lonm180-m120
10/05/2023 07:23:23 PM On lon_band = lonm120-m60
10/05/2023 07:23:23 PM On lon_band = lonm60-m0
10/05/2023 07:23:25 PM On lon_band = lonp0-p60
10/05/2023 07:23:25 PM On lon_band = lonp60-p120
10/05/2023 07:23:25 PM On lat_band = lat30-45
10/05/2023 07:23:25 PM ---    ----   ----   ---
10/05/2023 07:23:25 PM On lon_band = lonp120-p180
10/05/2023 07:23:26 PM On lon_band = lonm180-m120
10/05/2023 07:23:32 PM On lon_band = lonm120-m60
10/05/2023 07:23:34 PM On lon_band = lonm60-m0
10/05/2023 07:23:40 PM On lon_band = lonp0-p60
10/05/2023 07:23:42 PM On lon_band = lonp60-p120
10/05/2023 07:23:42 PM On lat_band = lat45-60
10/05/2023 07:23:42 PM ---    ----   ----   ---
10/05/2023 07:23:42 PM On lon_band = lonp120-p180
10/05/2023 07:24:01 PM On lon_band = lonm180-m120
10/05/2023 07:24:10 PM On lon_band = lonm120-m60
10/05/2023 07:24:16 PM On lon_band = lonm60-m0
10/05/2023 07:24:37 PM On lon_band = lonp0-p60
10/05/2023 07:24:50 PM On lon_band = lonp60-p120
10/05/2023 07:24:57 PM On lat_band = lat60-75
10/05/2023 07:24:57 PM ---    ----   ----   ---
10/05/2023 07:24:57 PM On lon_band = lonp120-p180
10/05/2023 07:24:59 PM On lon_band = lonm180-m120
10/05/2023 07:24:59 PM On lon_band = lonm120-m60
10/05/2023 07:25:00 PM On lon_band = lonm60-m0
10/05/2023 07:25:02 PM On lon_band = lonp0-p60
10/05/2023 07:25:03 PM On lon_band = lonp60-p120
10/05/2023 07:25:03 PM On lat_band = lat75-90
10/05/2023 07:25:03 PM ---    ----   ----   ---
10/05/2023 07:25:03 PM On lon_band = lonp120-p180
10/05/2023 07:25:03 PM On lon_band = lonm180-m120
10/05/2023 07:25:03 PM On lon_band = lonm120-m60
10/05/2023 07:25:03 PM On lon_band = lonm60-m0
10/05/2023 07:25:03 PM On lon_band = lonp0-p60
10/05/2023 07:25:03 PM On lon_band = lonp60-p120
10/05/2023 07:25:38 PM Saved BlOCK_TYPES_DIVISION_LWA_based
10/05/2023 07:25:38 PM *******************************************
10/05/2023 07:25:38 PM Time taken for this 139.562
10/05/2023 07:25:38 PM -----------------------------------------
10/05/2023 07:25:38 PM #########################################
10/05/2023 07:25:38 PM --> Working on block division now --> BlOCK_TYPES_DIVISION_Z300_based
10/05/2023 07:25:38 PM -----------------------------------------
10/05/2023 07:25:39 PM On lat_band = lat20-30
10/05/2023 07:25:39 PM ---    ----   ----   ---
10/05/2023 07:25:39 PM On lon_band = lonp120-p180
10/05/2023 07:25:39 PM On lon_band = lonm180-m120
10/05/2023 07:25:40 PM On lon_band = lonm120-m60
10/05/2023 07:25:40 PM On lon_band = lonm60-m0
10/05/2023 07:25:42 PM On lon_band = lonp0-p60
10/05/2023 07:25:42 PM On lon_band = lonp60-p120
10/05/2023 07:25:42 PM On lat_band = lat30-45
10/05/2023 07:25:42 PM ---    ----   ----   ---
10/05/2023 07:25:42 PM On lon_band = lonp120-p180
10/05/2023 07:25:42 PM On lon_band = lonm180-m120
10/05/2023 07:25:50 PM On lon_band = lonm120-m60
10/05/2023 07:25:51 PM On lon_band = lonm60-m0
10/05/2023 07:25:57 PM On lon_band = lonp0-p60
10/05/2023 07:25:58 PM On lon_band = lonp60-p120
10/05/2023 07:25:58 PM On lat_band = lat45-60
10/05/2023 07:25:58 PM ---    ----   ----   ---
10/05/2023 07:25:58 PM On lon_band = lonp120-p180
10/05/2023 07:26:31 PM On lon_band = lonm180-m120
10/05/2023 07:26:49 PM On lon_band = lonm120-m60
10/05/2023 07:27:01 PM On lon_band = lonm60-m0
10/05/2023 07:27:47 PM On lon_band = lonp0-p60
10/05/2023 07:28:16 PM On lon_band = lonp60-p120
10/05/2023 07:28:28 PM On lat_band = lat60-75
10/05/2023 07:28:28 PM ---    ----   ----   ---
10/05/2023 07:28:28 PM On lon_band = lonp120-p180
10/05/2023 07:28:32 PM On lon_band = lonm180-m120
10/05/2023 07:28:32 PM On lon_band = lonm120-m60
10/05/2023 07:28:35 PM On lon_band = lonm60-m0
10/05/2023 07:28:38 PM On lon_band = lonp0-p60
10/05/2023 07:28:39 PM On lon_band = lonp60-p120
10/05/2023 07:28:40 PM On lat_band = lat75-90
10/05/2023 07:28:40 PM ---    ----   ----   ---
10/05/2023 07:28:40 PM On lon_band = lonp120-p180
10/05/2023 07:28:40 PM On lon_band = lonm180-m120
10/05/2023 07:28:40 PM On lon_band = lonm120-m60
10/05/2023 07:28:40 PM On lon_band = lonm60-m0
10/05/2023 07:28:40 PM On lon_band = lonp0-p60
10/05/2023 07:28:40 PM On lon_band = lonp60-p120
10/05/2023 07:29:26 PM Saved BlOCK_TYPES_DIVISION_Z300_based
10/05/2023 07:29:26 PM *******************************************
10/05/2023 07:29:26 PM Time taken for this 227.609
10/05/2023 07:29:26 PM -----------------------------------------
10/05/2023 07:29:26 PM Great! Finished succesfully! You had a good day on 05.10.2023!!
