10/05/2023 12:12:06 AM /data/pragallva/2023_repeat_ERA5/post_processing/blocking_info_extra_variable/DJF_Ac=65/banded_data//lonm60-m0/lat75-90/block_evolution_29_days/days4/synoptic_WA_variance_budget/ 
 does not exist
10/05/2023 12:12:06 AM Beginning to load all the files .....
10/05/2023 12:13:45 AM ...Loaded all the files
10/05/2023 12:13:45 AM ------ Lon band --> lonm60-m0 and Lat band --> lat75-90 --- 
10/05/2023 12:13:45 AM -------Day 4 is not present-------
10/05/2023 12:13:45 AM ------ Lon band --> lonm60-m0 and Lat band --> lat75-90 --- 
10/05/2023 12:13:45 AM -------Day 5 is not present-------
10/05/2023 12:13:45 AM ------ Lon band --> lonm60-m0 and Lat band --> lat75-90 --- 
10/05/2023 12:13:45 AM -------Day 6 is not present-------
10/05/2023 12:13:45 AM ------ Lon band --> lonm60-m0 and Lat band --> lat75-90 --- 
10/05/2023 12:13:45 AM -------Day 7 is not present-------
10/05/2023 12:13:45 AM ------ Lon band --> lonm60-m0 and Lat band --> lat75-90 --- 
10/05/2023 12:13:45 AM -------Day 8 is not present-------
10/05/2023 12:13:45 AM ------ Lon band --> lonm60-m0 and Lat band --> lat75-90 --- 
10/05/2023 12:13:45 AM -------Day 9 is not present-------
10/05/2023 12:13:45 AM ------ Lon band --> lonm60-m0 and Lat band --> lat75-90 --- 
10/05/2023 12:13:45 AM -------Day 10 is not present-------
10/05/2023 12:13:45 AM ------ Lon band --> lonm60-m0 and Lat band --> lat75-90 --- 
10/05/2023 12:13:45 AM -------Day 11 is not present-------
10/05/2023 12:13:45 AM ------ Lon band --> lonm60-m0 and Lat band --> lat75-90 --- 
10/05/2023 12:13:45 AM -------Day 12 is not present-------
10/05/2023 12:13:45 AM ------ Lon band --> lonm60-m0 and Lat band --> lat75-90 --- 
10/05/2023 12:13:45 AM -------Day 13 is not present-------
10/05/2023 12:13:45 AM ------ Lon band --> lonm60-m0 and Lat band --> lat75-90 --- 
10/05/2023 12:13:45 AM -------Day 14 is not present-------
10/05/2023 12:13:45 AM ------ Lon band --> lonm60-m0 and Lat band --> lat75-90 --- 
10/05/2023 12:13:45 AM -------Day 15 is not present-------
10/05/2023 12:13:45 AM ------ Lon band --> lonm60-m0 and Lat band --> lat75-90 --- 
10/05/2023 12:13:45 AM -------Day 16 is not present-------
10/05/2023 12:13:45 AM ------ Lon band --> lonm60-m0 and Lat band --> lat75-90 --- 
10/05/2023 12:13:45 AM -------Day 17 is not present-------
10/05/2023 12:13:45 AM ------ Lon band --> lonm60-m0 and Lat band --> lat75-90 --- 
10/05/2023 12:13:45 AM -------Day 18 is not present-------
10/05/2023 12:13:45 AM ------ Lon band --> lonm60-m0 and Lat band --> lat75-90 --- 
10/05/2023 12:13:45 AM -------Day 19 is not present-------
10/05/2023 12:13:49 AM Awesome! Finished successfully
10/05/2023 12:13:49 AM <--- TOTAL Time taken --> 4.58
