10/22/2023 11:44:24 PM Beginning to load all the files .....
10/22/2023 11:44:24 PM Bootstrapping -- 
/data/pragallva/2023_repeat_ERA5/post_processing/blocking_info_extra_variable/DJF_Ac=65/banded_data//lonm60-m0/lat20-30/BOOTSTRAPPING_BLOCKS/blocking_details_day_wise.hkl
10/22/2023 11:44:24 PM ==== Brace-up for some stat calculation in  lonm60-m0 - lat20-30 ====
10/22/2023 11:44:26 PM Beginning to load all the files .....
10/22/2023 11:44:29 PM ...Loaded all the files
10/22/2023 11:44:29 PM ------ Lon band --> lonm60-m0 and Lat band --> lat20-30 --- 
10/22/2023 11:44:29 PM ----------------Day = 4-----------------------
10/22/2023 11:44:29 PM   *******  
10/22/2023 11:44:29 PM *   o  o  *
10/22/2023 11:44:29 PM *    v    *
10/22/2023 11:44:29 PM  *  ~~~  * 
10/22/2023 11:44:29 PM   *******  
10/22/2023 11:44:29 PM Wait now. Need to calculate BLOCK_window_list_Z300_full data in /data/pragallva/2023_repeat_ERA5/post_processing/blocking_info_extra_variable/DJF_Ac=65/banded_data//lonm60-m0/lat20-30/BOOTSTRAPPING_BLOCKS/block_evolution_29_days/days4//u_v_pv_phi/
10/22/2023 11:44:29 PM block1
10/22/2023 11:44:33 PM block2
10/22/2023 11:44:36 PM block3
10/22/2023 11:44:40 PM block4
10/22/2023 11:44:43 PM block5
10/22/2023 11:44:47 PM block6
10/22/2023 11:44:51 PM block7
10/22/2023 11:44:54 PM block8
10/22/2023 11:44:58 PM block9
10/22/2023 11:45:01 PM block10
10/22/2023 11:45:05 PM block11
10/22/2023 11:45:08 PM block12
10/22/2023 11:45:12 PM block13
10/22/2023 11:45:16 PM block14
10/22/2023 11:45:19 PM block15
10/22/2023 11:45:23 PM block16
10/22/2023 11:45:26 PM block17
10/22/2023 11:45:30 PM block18
10/22/2023 11:45:33 PM block19
10/22/2023 11:45:37 PM block20
10/22/2023 11:45:41 PM block21
10/22/2023 11:45:44 PM block22
10/22/2023 11:45:48 PM block23
10/22/2023 11:45:51 PM block24
10/22/2023 11:45:55 PM block25
10/22/2023 11:45:58 PM block26
10/22/2023 11:46:02 PM block27
10/22/2023 11:46:06 PM block28
10/22/2023 11:46:09 PM block29
10/22/2023 11:46:13 PM block30
10/22/2023 11:46:17 PM block31
10/22/2023 11:46:20 PM block32
10/22/2023 11:46:24 PM block33
10/22/2023 11:46:27 PM block34
10/22/2023 11:46:31 PM block35
10/22/2023 11:46:34 PM block36
10/22/2023 11:46:38 PM block37
10/22/2023 11:46:41 PM block38
10/22/2023 11:46:45 PM block39
10/22/2023 11:46:49 PM block40
10/22/2023 11:46:52 PM block41
10/22/2023 11:46:56 PM block42
10/22/2023 11:46:59 PM block43
10/22/2023 11:47:03 PM block44
10/22/2023 11:47:07 PM block45
10/22/2023 11:47:10 PM block46
10/22/2023 11:47:14 PM block47
10/22/2023 11:47:17 PM block48
10/22/2023 11:47:21 PM block49
10/22/2023 11:47:25 PM block50
10/22/2023 11:47:28 PM block51
10/22/2023 11:47:32 PM block52
10/22/2023 11:47:35 PM block53
10/22/2023 11:47:39 PM block54
10/22/2023 11:47:43 PM block55
10/22/2023 11:47:46 PM block56
10/22/2023 11:47:50 PM block57
10/22/2023 11:47:53 PM block58
10/22/2023 11:47:57 PM block59
10/22/2023 11:48:00 PM block60
10/22/2023 11:48:04 PM block61
10/22/2023 11:48:08 PM block62
10/22/2023 11:48:11 PM block63
10/22/2023 11:48:15 PM block64
10/22/2023 11:48:19 PM block65
10/22/2023 11:48:22 PM block66
10/22/2023 11:48:26 PM block67
10/22/2023 11:48:29 PM block68
10/22/2023 11:48:33 PM block69
10/22/2023 11:48:36 PM block70
10/22/2023 11:48:40 PM block71
10/22/2023 11:48:44 PM block72
10/22/2023 11:48:47 PM block73
10/22/2023 11:48:51 PM block74
10/22/2023 11:48:55 PM block75
10/22/2023 11:48:58 PM block76
10/22/2023 11:49:02 PM block77
10/22/2023 11:49:05 PM block78
10/22/2023 11:49:09 PM block79
10/22/2023 11:49:13 PM block80
10/22/2023 11:49:16 PM block81
10/22/2023 11:49:20 PM block82
10/22/2023 11:49:23 PM block83
10/22/2023 11:49:27 PM block84
10/22/2023 11:49:31 PM block85
10/22/2023 11:49:34 PM block86
10/22/2023 11:49:38 PM block87
10/22/2023 11:49:42 PM block88
10/22/2023 11:49:45 PM block89
10/22/2023 11:49:49 PM block90
10/22/2023 11:49:52 PM block91
10/22/2023 11:49:56 PM block92
10/22/2023 11:50:00 PM block93
10/22/2023 11:50:03 PM block94
10/22/2023 11:50:07 PM block95
10/22/2023 11:50:10 PM block96
10/22/2023 11:50:14 PM block97
10/22/2023 11:50:18 PM block98
10/22/2023 11:50:21 PM block99
10/22/2023 11:50:25 PM block100
10/22/2023 11:50:29 PM block101
10/22/2023 11:50:32 PM block102
10/22/2023 11:50:36 PM block103
10/22/2023 11:50:39 PM block104
10/22/2023 11:50:43 PM block105
10/22/2023 11:50:47 PM block106
10/22/2023 11:50:50 PM block107
10/22/2023 11:50:54 PM block108
10/22/2023 11:50:58 PM block109
10/22/2023 11:51:01 PM block110
10/22/2023 11:51:05 PM block111
10/22/2023 11:51:08 PM block112
10/22/2023 11:51:12 PM block113
10/22/2023 11:51:16 PM block114
10/22/2023 11:51:19 PM block115
10/22/2023 11:51:23 PM block116
10/22/2023 11:51:26 PM block117
10/22/2023 11:51:30 PM block118
10/22/2023 11:51:34 PM block119
10/22/2023 11:51:38 PM block120
10/22/2023 11:51:41 PM block121
10/22/2023 11:51:45 PM block122
10/22/2023 11:51:48 PM block123
10/22/2023 11:51:52 PM block124
10/22/2023 11:51:56 PM block125
10/22/2023 11:51:59 PM block126
10/22/2023 11:52:03 PM block127
10/22/2023 11:52:07 PM block128
10/22/2023 11:52:10 PM block129
10/22/2023 11:52:14 PM block130
10/22/2023 11:52:17 PM block131
10/22/2023 11:52:21 PM block132
10/22/2023 11:52:25 PM block133
10/22/2023 11:52:28 PM block134
10/22/2023 11:52:32 PM block135
10/22/2023 11:52:35 PM block136
10/22/2023 11:52:39 PM block137
10/22/2023 11:52:43 PM block138
10/22/2023 11:52:47 PM block139
10/22/2023 11:52:50 PM block140
10/22/2023 11:52:54 PM block141
10/22/2023 11:52:57 PM block142
10/22/2023 11:53:01 PM block143
10/22/2023 11:53:05 PM block144
10/22/2023 11:53:08 PM block145
10/22/2023 11:53:12 PM block146
10/22/2023 11:53:15 PM block147
10/22/2023 11:53:19 PM block148
10/22/2023 11:53:23 PM block149
10/22/2023 11:53:26 PM block150
10/22/2023 11:53:30 PM block151
10/22/2023 11:53:34 PM block152
10/22/2023 11:53:37 PM block153
10/22/2023 11:53:41 PM block154
10/22/2023 11:53:45 PM block155
10/22/2023 11:53:48 PM block156
10/22/2023 11:53:52 PM block157
10/22/2023 11:53:56 PM block158
10/22/2023 11:53:59 PM block159
10/22/2023 11:54:03 PM block160
10/22/2023 11:54:07 PM block161
10/22/2023 11:54:10 PM block162
10/22/2023 11:54:14 PM block163
10/22/2023 11:54:18 PM block164
10/22/2023 11:54:21 PM block165
10/22/2023 11:54:25 PM block166
10/22/2023 11:54:29 PM block167
10/22/2023 11:54:32 PM block168
10/22/2023 11:54:36 PM block169
10/22/2023 11:54:39 PM block170
10/22/2023 11:54:43 PM block171
10/22/2023 11:54:47 PM block172
10/22/2023 11:54:50 PM block173
10/22/2023 11:54:54 PM block174
10/22/2023 11:54:58 PM block175
10/22/2023 11:55:01 PM block176
10/22/2023 11:55:05 PM block177
10/22/2023 11:55:09 PM block178
10/22/2023 11:55:12 PM block179
10/22/2023 11:55:16 PM block180
10/22/2023 11:55:20 PM block181
10/22/2023 11:55:23 PM block182
10/22/2023 11:55:27 PM block183
10/22/2023 11:55:31 PM block184
10/22/2023 11:55:34 PM block185
10/22/2023 11:55:38 PM block186
10/22/2023 11:55:42 PM block187
10/22/2023 11:55:45 PM block188
10/22/2023 11:55:49 PM block189
10/22/2023 11:55:52 PM block190
10/22/2023 11:55:56 PM block191
10/22/2023 11:56:00 PM block192
10/22/2023 11:56:04 PM block193
10/22/2023 11:56:07 PM block194
10/22/2023 11:56:11 PM block195
10/22/2023 11:56:15 PM block196
10/22/2023 11:56:18 PM block197
10/22/2023 11:56:22 PM block198
10/22/2023 11:56:25 PM block199
10/22/2023 11:56:29 PM block200
10/22/2023 11:56:33 PM block201
10/22/2023 11:56:37 PM block202
10/22/2023 11:56:40 PM block203
10/22/2023 11:56:44 PM block204
10/22/2023 11:56:47 PM block205
10/22/2023 11:56:51 PM block206
10/22/2023 11:56:55 PM block207
10/22/2023 11:56:58 PM block208
10/22/2023 11:57:02 PM block209
10/22/2023 11:57:06 PM block210
10/22/2023 11:57:09 PM block211
10/22/2023 11:57:13 PM block212
10/22/2023 11:57:17 PM block213
10/22/2023 11:57:20 PM block214
10/22/2023 11:57:24 PM block215
10/22/2023 11:57:28 PM block216
10/22/2023 11:57:31 PM block217
10/22/2023 11:57:35 PM block218
10/22/2023 11:57:39 PM block219
10/22/2023 11:57:42 PM block220
10/22/2023 11:57:46 PM block221
10/22/2023 11:57:50 PM block222
10/22/2023 11:57:53 PM block223
10/22/2023 11:57:57 PM block224
10/22/2023 11:58:01 PM block225
10/22/2023 11:58:05 PM block226
10/22/2023 11:58:08 PM block227
10/22/2023 11:58:12 PM block228
10/22/2023 11:58:15 PM block229
10/22/2023 11:58:19 PM block230
10/22/2023 11:58:23 PM block231
10/22/2023 11:58:26 PM block232
10/22/2023 11:58:30 PM block233
10/22/2023 11:58:34 PM block234
10/22/2023 11:58:37 PM block235
10/22/2023 11:58:41 PM block236
10/22/2023 11:58:45 PM block237
10/22/2023 11:58:48 PM block238
10/22/2023 11:58:52 PM block239
10/22/2023 11:58:56 PM block240
10/22/2023 11:58:59 PM block241
10/22/2023 11:59:03 PM block242
10/22/2023 11:59:07 PM block243
10/22/2023 11:59:10 PM block244
10/22/2023 11:59:14 PM block245
10/22/2023 11:59:18 PM block246
10/22/2023 11:59:21 PM block247
10/22/2023 11:59:25 PM block248
10/22/2023 11:59:29 PM block249
10/22/2023 11:59:33 PM block250
10/22/2023 11:59:36 PM block251
10/22/2023 11:59:40 PM block252
10/22/2023 11:59:44 PM block253
10/22/2023 11:59:47 PM block254
10/22/2023 11:59:51 PM block255
10/22/2023 11:59:54 PM block256
10/22/2023 11:59:58 PM block257
10/23/2023 12:00:02 AM block258
10/23/2023 12:00:06 AM block259
10/23/2023 12:00:09 AM block260
10/23/2023 12:00:13 AM block261
10/23/2023 12:00:17 AM block262
10/23/2023 12:00:20 AM block263
10/23/2023 12:00:24 AM block264
10/23/2023 12:00:27 AM block265
10/23/2023 12:00:31 AM block266
10/23/2023 12:00:35 AM block267
10/23/2023 12:00:39 AM block268
10/23/2023 12:00:42 AM block269
10/23/2023 12:00:46 AM block270
10/23/2023 12:00:50 AM block271
10/23/2023 12:00:53 AM block272
10/23/2023 12:00:57 AM block273
10/23/2023 12:01:00 AM block274
10/23/2023 12:01:04 AM block275
10/23/2023 12:01:08 AM block276
10/23/2023 12:01:11 AM block277
10/23/2023 12:01:15 AM block278
10/23/2023 12:01:19 AM block279
10/23/2023 12:01:23 AM block280
10/23/2023 12:01:26 AM block281
10/23/2023 12:01:30 AM block282
10/23/2023 12:01:33 AM block283
10/23/2023 12:01:37 AM block284
10/23/2023 12:01:41 AM block285
10/23/2023 12:01:45 AM block286
10/23/2023 12:01:48 AM block287
10/23/2023 12:01:52 AM block288
10/23/2023 12:01:56 AM block289
10/23/2023 12:01:59 AM block290
10/23/2023 12:02:03 AM block291
10/23/2023 12:02:07 AM block292
10/23/2023 12:02:10 AM block293
10/23/2023 12:02:14 AM block294
10/23/2023 12:02:18 AM block295
10/23/2023 12:02:21 AM block296
10/23/2023 12:02:25 AM block297
10/23/2023 12:02:29 AM block298
10/23/2023 12:02:32 AM block299
10/23/2023 12:02:36 AM block300
10/23/2023 12:02:40 AM block301
10/23/2023 12:02:43 AM block302
10/23/2023 12:02:47 AM block303
10/23/2023 12:02:51 AM block304
10/23/2023 12:02:54 AM block305
10/23/2023 12:02:58 AM block306
10/23/2023 12:03:02 AM block307
10/23/2023 12:03:05 AM block308
10/23/2023 12:03:09 AM block309
10/23/2023 12:03:13 AM block310
10/23/2023 12:03:16 AM block311
10/23/2023 12:03:20 AM block312
10/23/2023 12:03:24 AM block313
10/23/2023 12:03:27 AM block314
10/23/2023 12:03:31 AM block315
10/23/2023 12:03:35 AM block316
10/23/2023 12:03:39 AM block317
10/23/2023 12:03:42 AM block318
10/23/2023 12:03:46 AM block319
10/23/2023 12:03:49 AM block320
10/23/2023 12:03:53 AM block321
10/23/2023 12:03:57 AM block322
10/23/2023 12:04:01 AM block323
10/23/2023 12:04:04 AM block324
10/23/2023 12:04:08 AM block325
10/23/2023 12:04:12 AM block326
10/23/2023 12:04:15 AM block327
10/23/2023 12:04:19 AM block328
10/23/2023 12:04:23 AM block329
10/23/2023 12:04:26 AM block330
10/23/2023 12:04:30 AM block331
10/23/2023 12:04:34 AM block332
10/23/2023 12:04:37 AM block333
10/23/2023 12:04:41 AM block334
10/23/2023 12:04:45 AM block335
10/23/2023 12:04:48 AM block336
10/23/2023 12:04:52 AM block337
10/23/2023 12:04:56 AM block338
10/23/2023 12:04:59 AM block339
10/23/2023 12:05:03 AM block340
10/23/2023 12:05:07 AM block341
10/23/2023 12:05:10 AM block342
10/23/2023 12:05:14 AM block343
10/23/2023 12:05:18 AM block344
10/23/2023 12:05:22 AM block345
10/23/2023 12:05:25 AM block346
10/23/2023 12:05:29 AM block347
10/23/2023 12:05:33 AM block348
10/23/2023 12:05:36 AM block349
10/23/2023 12:05:40 AM block350
10/23/2023 12:05:44 AM block351
10/23/2023 12:05:47 AM block352
10/23/2023 12:05:51 AM block353
10/23/2023 12:05:55 AM block354
10/23/2023 12:05:59 AM block355
10/23/2023 12:06:02 AM block356
10/23/2023 12:06:06 AM block357
10/23/2023 12:06:09 AM block358
10/23/2023 12:06:13 AM block359
10/23/2023 12:06:17 AM block360
10/23/2023 12:06:21 AM block361
10/23/2023 12:06:24 AM block362
10/23/2023 12:06:28 AM block363
10/23/2023 12:06:32 AM block364
10/23/2023 12:06:35 AM block365
10/23/2023 12:06:39 AM block366
10/23/2023 12:06:43 AM block367
10/23/2023 12:06:46 AM block368
10/23/2023 12:06:50 AM block369
10/23/2023 12:06:54 AM block370
10/23/2023 12:06:58 AM block371
10/23/2023 12:07:01 AM block372
10/23/2023 12:07:05 AM block373
10/23/2023 12:07:09 AM block374
10/23/2023 12:07:12 AM block375
10/23/2023 12:07:16 AM block376
10/23/2023 12:07:20 AM block377
10/23/2023 12:07:23 AM block378
10/23/2023 12:07:27 AM block379
10/23/2023 12:07:31 AM block380
10/23/2023 12:07:35 AM block381
10/23/2023 12:07:38 AM block382
10/23/2023 12:07:42 AM block383
10/23/2023 12:07:45 AM block384
10/23/2023 12:07:49 AM block385
10/23/2023 12:07:53 AM block386
10/23/2023 12:07:57 AM block387
10/23/2023 12:08:00 AM block388
10/23/2023 12:08:04 AM block389
10/23/2023 12:08:08 AM block390
10/23/2023 12:08:11 AM block391
10/23/2023 12:08:15 AM block392
10/23/2023 12:08:19 AM block393
10/23/2023 12:08:22 AM block394
10/23/2023 12:08:26 AM block395
10/23/2023 12:08:30 AM block396
10/23/2023 12:08:34 AM block397
10/23/2023 12:08:37 AM block398
10/23/2023 12:08:41 AM block399
10/23/2023 12:08:45 AM block400
10/23/2023 12:08:48 AM block401
10/23/2023 12:08:52 AM block402
10/23/2023 12:08:56 AM block403
10/23/2023 12:09:00 AM block404
10/23/2023 12:09:03 AM block405
10/23/2023 12:09:07 AM block406
10/23/2023 12:09:11 AM block407
10/23/2023 12:09:14 AM block408
10/23/2023 12:09:18 AM block409
10/23/2023 12:09:22 AM block410
10/23/2023 12:09:25 AM block411
10/23/2023 12:09:29 AM block412
10/23/2023 12:09:33 AM block413
10/23/2023 12:09:37 AM block414
10/23/2023 12:09:40 AM block415
10/23/2023 12:09:44 AM block416
10/23/2023 12:09:48 AM block417
10/23/2023 12:09:51 AM block418
10/23/2023 12:09:55 AM block419
10/23/2023 12:09:59 AM block420
10/23/2023 12:10:02 AM block421
10/23/2023 12:10:06 AM block422
10/23/2023 12:10:10 AM block423
10/23/2023 12:10:14 AM block424
10/23/2023 12:10:17 AM block425
10/23/2023 12:10:21 AM block426
10/23/2023 12:10:25 AM block427
10/23/2023 12:10:28 AM block428
10/23/2023 12:10:32 AM block429
10/23/2023 12:10:36 AM block430
10/23/2023 12:10:40 AM block431
10/23/2023 12:10:43 AM block432
10/23/2023 12:10:47 AM block433
10/23/2023 12:10:51 AM block434
10/23/2023 12:10:54 AM block435
10/23/2023 12:10:58 AM block436
10/23/2023 12:11:02 AM block437
10/23/2023 12:11:06 AM block438
10/23/2023 12:11:09 AM block439
10/23/2023 12:11:13 AM block440
10/23/2023 12:11:17 AM block441
10/23/2023 12:11:20 AM block442
10/23/2023 12:11:24 AM block443
10/23/2023 12:11:28 AM block444
10/23/2023 12:11:31 AM block445
10/23/2023 12:11:35 AM block446
10/23/2023 12:11:39 AM block447
10/23/2023 12:11:43 AM block448
10/23/2023 12:11:46 AM block449
10/23/2023 12:11:50 AM block450
10/23/2023 12:11:54 AM block451
10/23/2023 12:11:57 AM block452
10/23/2023 12:12:01 AM block453
10/23/2023 12:12:05 AM block454
10/23/2023 12:12:08 AM block455
10/23/2023 12:12:12 AM block456
10/23/2023 12:12:16 AM block457
10/23/2023 12:12:20 AM block458
10/23/2023 12:12:23 AM block459
10/23/2023 12:12:27 AM block460
10/23/2023 12:12:31 AM block461
10/23/2023 12:12:34 AM block462
10/23/2023 12:12:38 AM block463
10/23/2023 12:12:42 AM block464
10/23/2023 12:12:46 AM block465
10/23/2023 12:12:49 AM block466
10/23/2023 12:12:53 AM block467
10/23/2023 12:12:57 AM block468
10/23/2023 12:13:01 AM block469
10/23/2023 12:13:04 AM block470
10/23/2023 12:13:08 AM block471
10/23/2023 12:13:12 AM block472
10/23/2023 12:13:15 AM block473
10/23/2023 12:13:19 AM block474
10/23/2023 12:13:23 AM block475
10/23/2023 12:13:26 AM block476
10/23/2023 12:13:30 AM block477
10/23/2023 12:13:34 AM block478
10/23/2023 12:13:37 AM block479
10/23/2023 12:13:41 AM block480
10/23/2023 12:13:45 AM block481
10/23/2023 12:13:48 AM block482
10/23/2023 12:13:52 AM block483
10/23/2023 12:13:56 AM block484
10/23/2023 12:13:59 AM block485
10/23/2023 12:14:03 AM block486
10/23/2023 12:14:07 AM block487
10/23/2023 12:14:10 AM block488
10/23/2023 12:14:14 AM block489
10/23/2023 12:14:18 AM block490
10/23/2023 12:14:21 AM block491
10/23/2023 12:14:25 AM block492
10/23/2023 12:14:29 AM block493
10/23/2023 12:14:32 AM block494
10/23/2023 12:14:36 AM block495
10/23/2023 12:14:40 AM block496
10/23/2023 12:14:43 AM block497
10/23/2023 12:14:47 AM block498
10/23/2023 12:14:51 AM block499
10/23/2023 12:14:54 AM block500
10/23/2023 12:14:58 AM Succesfully calculated and returned BLOCK_window_list_Z300_full data in /data/pragallva/2023_repeat_ERA5/post_processing/blocking_info_extra_variable/DJF_Ac=65/banded_data//lonm60-m0/lat20-30/BOOTSTRAPPING_BLOCKS/block_evolution_29_days/days4//u_v_pv_phi/
10/23/2023 12:14:58 AM ===== Time taken for this one field ======  1829.00
10/23/2023 12:15:02 AM ** Shapiro test done
10/23/2023 12:15:04 AM ** Percentiles done
10/23/2023 12:15:11 AM ** mean, median, std done
10/23/2023 12:15:11 AM ** stats saved in dictionary
10/23/2023 12:15:11 AM stats calculation done
10/23/2023 12:15:11 AM   *******  
10/23/2023 12:15:11 AM *   o  o  *
10/23/2023 12:15:11 AM *    v    *
10/23/2023 12:15:11 AM  *  ~~~  * 
10/23/2023 12:15:11 AM   *******  
10/23/2023 12:15:11 AM Wait now. Need to calculate BLOCK_window_list_U300_full data in /data/pragallva/2023_repeat_ERA5/post_processing/blocking_info_extra_variable/DJF_Ac=65/banded_data//lonm60-m0/lat20-30/BOOTSTRAPPING_BLOCKS/block_evolution_29_days/days4//u_v_pv_phi/
10/23/2023 12:15:11 AM block1
10/23/2023 12:15:15 AM block2
10/23/2023 12:15:19 AM block3
10/23/2023 12:15:22 AM block4
10/23/2023 12:15:26 AM block5
10/23/2023 12:15:30 AM block6
10/23/2023 12:15:34 AM block7
10/23/2023 12:15:37 AM block8
10/23/2023 12:15:41 AM block9
10/23/2023 12:15:45 AM block10
10/23/2023 12:15:48 AM block11
10/23/2023 12:15:52 AM block12
10/23/2023 12:15:55 AM block13
10/23/2023 12:15:59 AM block14
10/23/2023 12:16:03 AM block15
10/23/2023 12:16:06 AM block16
10/23/2023 12:16:10 AM block17
10/23/2023 12:16:14 AM block18
10/23/2023 12:16:18 AM block19
10/23/2023 12:16:21 AM block20
10/23/2023 12:16:25 AM block21
10/23/2023 12:16:29 AM block22
10/23/2023 12:16:32 AM block23
10/23/2023 12:16:36 AM block24
10/23/2023 12:16:40 AM block25
10/23/2023 12:16:44 AM block26
10/23/2023 12:16:47 AM block27
10/23/2023 12:16:52 AM block28
10/23/2023 12:16:56 AM block29
10/23/2023 12:17:00 AM block30
10/23/2023 12:17:04 AM block31
10/23/2023 12:17:08 AM block32
10/23/2023 12:17:12 AM block33
10/23/2023 12:17:16 AM block34
10/23/2023 12:17:20 AM block35
10/23/2023 12:17:23 AM block36
10/23/2023 12:17:27 AM block37
10/23/2023 12:17:31 AM block38
10/23/2023 12:17:35 AM block39
10/23/2023 12:17:38 AM block40
10/23/2023 12:17:42 AM block41
10/23/2023 12:17:46 AM block42
10/23/2023 12:17:49 AM block43
10/23/2023 12:17:53 AM block44
10/23/2023 12:17:57 AM block45
10/23/2023 12:18:01 AM block46
10/23/2023 12:18:04 AM block47
10/23/2023 12:18:08 AM block48
10/23/2023 12:18:12 AM block49
10/23/2023 12:18:15 AM block50
10/23/2023 12:18:19 AM block51
10/23/2023 12:18:23 AM block52
10/23/2023 12:18:27 AM block53
10/23/2023 12:18:30 AM block54
10/23/2023 12:18:34 AM block55
10/23/2023 12:18:38 AM block56
10/23/2023 12:18:41 AM block57
10/23/2023 12:18:45 AM block58
10/23/2023 12:18:49 AM block59
10/23/2023 12:18:52 AM block60
10/23/2023 12:18:56 AM block61
10/23/2023 12:19:00 AM block62
10/23/2023 12:19:04 AM block63
10/23/2023 12:19:07 AM block64
10/23/2023 12:19:11 AM block65
10/23/2023 12:19:15 AM block66
10/23/2023 12:19:18 AM block67
10/23/2023 12:19:22 AM block68
10/23/2023 12:19:26 AM block69
10/23/2023 12:19:29 AM block70
10/23/2023 12:19:33 AM block71
10/23/2023 12:19:37 AM block72
10/23/2023 12:19:41 AM block73
10/23/2023 12:19:44 AM block74
10/23/2023 12:19:48 AM block75
10/23/2023 12:19:52 AM block76
10/23/2023 12:19:55 AM block77
10/23/2023 12:19:59 AM block78
10/23/2023 12:20:03 AM block79
10/23/2023 12:20:06 AM block80
10/23/2023 12:20:10 AM block81
10/23/2023 12:20:14 AM block82
10/23/2023 12:20:18 AM block83
10/23/2023 12:20:21 AM block84
10/23/2023 12:20:25 AM block85
10/23/2023 12:20:29 AM block86
10/23/2023 12:20:32 AM block87
10/23/2023 12:20:36 AM block88
10/23/2023 12:20:40 AM block89
10/23/2023 12:20:44 AM block90
10/23/2023 12:20:47 AM block91
10/23/2023 12:20:51 AM block92
10/23/2023 12:20:55 AM block93
10/23/2023 12:20:58 AM block94
10/23/2023 12:21:02 AM block95
10/23/2023 12:21:06 AM block96
10/23/2023 12:21:09 AM block97
10/23/2023 12:21:13 AM block98
10/23/2023 12:21:17 AM block99
10/23/2023 12:21:21 AM block100
10/23/2023 12:21:24 AM block101
10/23/2023 12:21:28 AM block102
10/23/2023 12:21:32 AM block103
10/23/2023 12:21:35 AM block104
10/23/2023 12:21:39 AM block105
10/23/2023 12:21:43 AM block106
10/23/2023 12:21:46 AM block107
10/23/2023 12:21:50 AM block108
10/23/2023 12:21:54 AM block109
10/23/2023 12:21:58 AM block110
10/23/2023 12:22:01 AM block111
10/23/2023 12:22:05 AM block112
10/23/2023 12:22:09 AM block113
10/23/2023 12:22:12 AM block114
10/23/2023 12:22:16 AM block115
10/23/2023 12:22:20 AM block116
10/23/2023 12:22:23 AM block117
10/23/2023 12:22:27 AM block118
10/23/2023 12:22:31 AM block119
10/23/2023 12:22:35 AM block120
10/23/2023 12:22:38 AM block121
10/23/2023 12:22:42 AM block122
10/23/2023 12:22:46 AM block123
10/23/2023 12:22:49 AM block124
10/23/2023 12:22:53 AM block125
10/23/2023 12:22:57 AM block126
10/23/2023 12:23:00 AM block127
10/23/2023 12:23:04 AM block128
10/23/2023 12:23:08 AM block129
10/23/2023 12:23:12 AM block130
10/23/2023 12:23:15 AM block131
10/23/2023 12:23:19 AM block132
10/23/2023 12:23:23 AM block133
10/23/2023 12:23:26 AM block134
10/23/2023 12:23:30 AM block135
10/23/2023 12:23:34 AM block136
10/23/2023 12:23:38 AM block137
10/23/2023 12:23:41 AM block138
10/23/2023 12:23:45 AM block139
10/23/2023 12:23:49 AM block140
10/23/2023 12:23:52 AM block141
10/23/2023 12:23:56 AM block142
10/23/2023 12:24:00 AM block143
10/23/2023 12:24:04 AM block144
10/23/2023 12:24:07 AM block145
10/23/2023 12:24:11 AM block146
10/23/2023 12:24:15 AM block147
10/23/2023 12:24:18 AM block148
10/23/2023 12:24:22 AM block149
10/23/2023 12:24:26 AM block150
10/23/2023 12:24:29 AM block151
10/23/2023 12:24:33 AM block152
10/23/2023 12:24:37 AM block153
10/23/2023 12:24:41 AM block154
10/23/2023 12:24:44 AM block155
10/23/2023 12:24:48 AM block156
10/23/2023 12:24:52 AM block157
10/23/2023 12:24:55 AM block158
10/23/2023 12:24:59 AM block159
10/23/2023 12:25:03 AM block160
10/23/2023 12:25:07 AM block161
10/23/2023 12:25:10 AM block162
10/23/2023 12:25:14 AM block163
10/23/2023 12:25:18 AM block164
10/23/2023 12:25:21 AM block165
10/23/2023 12:25:25 AM block166
10/23/2023 12:25:29 AM block167
10/23/2023 12:25:33 AM block168
10/23/2023 12:25:36 AM block169
10/23/2023 12:25:40 AM block170
10/23/2023 12:25:44 AM block171
10/23/2023 12:25:48 AM block172
10/23/2023 12:25:51 AM block173
10/23/2023 12:25:55 AM block174
10/23/2023 12:25:59 AM block175
10/23/2023 12:26:03 AM block176
10/23/2023 12:26:06 AM block177
10/23/2023 12:26:10 AM block178
10/23/2023 12:26:14 AM block179
10/23/2023 12:26:17 AM block180
10/23/2023 12:26:21 AM block181
10/23/2023 12:26:25 AM block182
10/23/2023 12:26:29 AM block183
10/23/2023 12:26:32 AM block184
10/23/2023 12:26:36 AM block185
10/23/2023 12:26:40 AM block186
10/23/2023 12:26:44 AM block187
10/23/2023 12:26:47 AM block188
10/23/2023 12:26:51 AM block189
10/23/2023 12:26:55 AM block190
10/23/2023 12:26:58 AM block191
10/23/2023 12:27:02 AM block192
10/23/2023 12:27:06 AM block193
10/23/2023 12:27:10 AM block194
10/23/2023 12:27:13 AM block195
10/23/2023 12:27:17 AM block196
10/23/2023 12:27:21 AM block197
10/23/2023 12:27:24 AM block198
10/23/2023 12:27:28 AM block199
10/23/2023 12:27:32 AM block200
10/23/2023 12:27:36 AM block201
10/23/2023 12:27:39 AM block202
10/23/2023 12:27:43 AM block203
10/23/2023 12:27:47 AM block204
10/23/2023 12:27:50 AM block205
10/23/2023 12:27:54 AM block206
10/23/2023 12:27:58 AM block207
10/23/2023 12:28:02 AM block208
10/23/2023 12:28:05 AM block209
10/23/2023 12:28:09 AM block210
10/23/2023 12:28:13 AM block211
10/23/2023 12:28:17 AM block212
10/23/2023 12:28:20 AM block213
10/23/2023 12:28:24 AM block214
10/23/2023 12:28:28 AM block215
10/23/2023 12:28:31 AM block216
10/23/2023 12:28:35 AM block217
10/23/2023 12:28:39 AM block218
10/23/2023 12:28:43 AM block219
10/23/2023 12:28:47 AM block220
10/23/2023 12:28:51 AM block221
10/23/2023 12:28:55 AM block222
10/23/2023 12:28:59 AM block223
10/23/2023 12:29:03 AM block224
10/23/2023 12:29:07 AM block225
10/23/2023 12:29:11 AM block226
10/23/2023 12:29:15 AM block227
10/23/2023 12:29:18 AM block228
10/23/2023 12:29:22 AM block229
10/23/2023 12:29:26 AM block230
10/23/2023 12:29:30 AM block231
10/23/2023 12:29:33 AM block232
10/23/2023 12:29:37 AM block233
10/23/2023 12:29:41 AM block234
10/23/2023 12:29:44 AM block235
10/23/2023 12:29:48 AM block236
10/23/2023 12:29:52 AM block237
10/23/2023 12:29:56 AM block238
10/23/2023 12:30:00 AM block239
10/23/2023 12:30:03 AM block240
10/23/2023 12:30:07 AM block241
10/23/2023 12:30:11 AM block242
10/23/2023 12:30:14 AM block243
10/23/2023 12:30:18 AM block244
10/23/2023 12:30:22 AM block245
10/23/2023 12:30:26 AM block246
10/23/2023 12:30:29 AM block247
10/23/2023 12:30:33 AM block248
10/23/2023 12:30:37 AM block249
10/23/2023 12:30:40 AM block250
10/23/2023 12:30:44 AM block251
10/23/2023 12:30:48 AM block252
10/23/2023 12:30:52 AM block253
10/23/2023 12:30:55 AM block254
10/23/2023 12:30:59 AM block255
10/23/2023 12:31:03 AM block256
10/23/2023 12:31:07 AM block257
10/23/2023 12:31:10 AM block258
10/23/2023 12:31:14 AM block259
10/23/2023 12:31:18 AM block260
10/23/2023 12:31:22 AM block261
10/23/2023 12:31:25 AM block262
10/23/2023 12:31:29 AM block263
10/23/2023 12:31:33 AM block264
10/23/2023 12:31:36 AM block265
10/23/2023 12:31:40 AM block266
10/23/2023 12:31:44 AM block267
10/23/2023 12:31:47 AM block268
10/23/2023 12:31:51 AM block269
10/23/2023 12:31:55 AM block270
10/23/2023 12:31:59 AM block271
10/23/2023 12:32:02 AM block272
10/23/2023 12:32:06 AM block273
10/23/2023 12:32:10 AM block274
10/23/2023 12:32:14 AM block275
10/23/2023 12:32:17 AM block276
10/23/2023 12:32:21 AM block277
10/23/2023 12:32:25 AM block278
10/23/2023 12:32:28 AM block279
10/23/2023 12:32:32 AM block280
10/23/2023 12:32:36 AM block281
10/23/2023 12:32:39 AM block282
10/23/2023 12:32:43 AM block283
10/23/2023 12:32:47 AM block284
10/23/2023 12:32:51 AM block285
10/23/2023 12:32:54 AM block286
10/23/2023 12:32:58 AM block287
10/23/2023 12:33:02 AM block288
10/23/2023 12:33:06 AM block289
10/23/2023 12:33:09 AM block290
10/23/2023 12:33:13 AM block291
10/23/2023 12:33:16 AM block292
10/23/2023 12:33:20 AM block293
10/23/2023 12:33:24 AM block294
10/23/2023 12:33:28 AM block295
10/23/2023 12:33:32 AM block296
10/23/2023 12:33:35 AM block297
10/23/2023 12:33:39 AM block298
10/23/2023 12:33:43 AM block299
10/23/2023 12:33:46 AM block300
10/23/2023 12:33:50 AM block301
10/23/2023 12:33:54 AM block302
10/23/2023 12:33:57 AM block303
10/23/2023 12:34:01 AM block304
10/23/2023 12:34:05 AM block305
10/23/2023 12:34:09 AM block306
10/23/2023 12:34:12 AM block307
10/23/2023 12:34:16 AM block308
10/23/2023 12:34:20 AM block309
10/23/2023 12:34:24 AM block310
10/23/2023 12:34:27 AM block311
10/23/2023 12:34:31 AM block312
10/23/2023 12:34:35 AM block313
10/23/2023 12:34:39 AM block314
10/23/2023 12:34:42 AM block315
10/23/2023 12:34:46 AM block316
10/23/2023 12:34:50 AM block317
10/23/2023 12:34:54 AM block318
10/23/2023 12:34:57 AM block319
10/23/2023 12:35:01 AM block320
10/23/2023 12:35:05 AM block321
10/23/2023 12:35:09 AM block322
10/23/2023 12:35:12 AM block323
10/23/2023 12:35:16 AM block324
10/23/2023 12:35:20 AM block325
10/23/2023 12:35:24 AM block326
10/23/2023 12:35:27 AM block327
10/23/2023 12:35:31 AM block328
10/23/2023 12:35:35 AM block329
10/23/2023 12:35:39 AM block330
10/23/2023 12:35:42 AM block331
10/23/2023 12:35:46 AM block332
10/23/2023 12:35:50 AM block333
10/23/2023 12:35:54 AM block334
10/23/2023 12:35:57 AM block335
10/23/2023 12:36:01 AM block336
10/23/2023 12:36:05 AM block337
10/23/2023 12:36:08 AM block338
10/23/2023 12:36:12 AM block339
10/23/2023 12:36:16 AM block340
10/23/2023 12:36:20 AM block341
10/23/2023 12:36:24 AM block342
10/23/2023 12:36:27 AM block343
10/23/2023 12:36:31 AM block344
10/23/2023 12:36:35 AM block345
10/23/2023 12:36:38 AM block346
10/23/2023 12:36:42 AM block347
10/23/2023 12:36:46 AM block348
10/23/2023 12:36:50 AM block349
10/23/2023 12:36:53 AM block350
10/23/2023 12:36:57 AM block351
10/23/2023 12:37:01 AM block352
10/23/2023 12:37:05 AM block353
10/23/2023 12:37:08 AM block354
10/23/2023 12:37:12 AM block355
10/23/2023 12:37:16 AM block356
10/23/2023 12:37:19 AM block357
10/23/2023 12:37:23 AM block358
10/23/2023 12:37:27 AM block359
10/23/2023 12:37:31 AM block360
10/23/2023 12:37:35 AM block361
10/23/2023 12:37:39 AM block362
10/23/2023 12:37:42 AM block363
10/23/2023 12:37:46 AM block364
10/23/2023 12:37:50 AM block365
10/23/2023 12:37:53 AM block366
10/23/2023 12:37:57 AM block367
10/23/2023 12:38:01 AM block368
10/23/2023 12:38:05 AM block369
10/23/2023 12:38:08 AM block370
10/23/2023 12:38:12 AM block371
10/23/2023 12:38:16 AM block372
10/23/2023 12:38:20 AM block373
10/23/2023 12:38:23 AM block374
10/23/2023 12:38:27 AM block375
10/23/2023 12:38:31 AM block376
10/23/2023 12:38:35 AM block377
10/23/2023 12:38:39 AM block378
10/23/2023 12:38:42 AM block379
10/23/2023 12:38:46 AM block380
10/23/2023 12:38:50 AM block381
10/23/2023 12:38:53 AM block382
10/23/2023 12:38:57 AM block383
10/23/2023 12:39:01 AM block384
10/23/2023 12:39:05 AM block385
10/23/2023 12:39:09 AM block386
10/23/2023 12:39:12 AM block387
10/23/2023 12:39:16 AM block388
10/23/2023 12:39:20 AM block389
10/23/2023 12:39:24 AM block390
10/23/2023 12:39:27 AM block391
10/23/2023 12:39:31 AM block392
10/23/2023 12:39:35 AM block393
10/23/2023 12:39:39 AM block394
10/23/2023 12:39:43 AM block395
10/23/2023 12:39:46 AM block396
10/23/2023 12:39:50 AM block397
10/23/2023 12:39:54 AM block398
10/23/2023 12:39:58 AM block399
10/23/2023 12:40:01 AM block400
10/23/2023 12:40:05 AM block401
10/23/2023 12:40:09 AM block402
10/23/2023 12:40:13 AM block403
10/23/2023 12:40:16 AM block404
10/23/2023 12:40:20 AM block405
10/23/2023 12:40:24 AM block406
10/23/2023 12:40:28 AM block407
10/23/2023 12:40:31 AM block408
10/23/2023 12:40:35 AM block409
10/23/2023 12:40:39 AM block410
10/23/2023 12:40:43 AM block411
10/23/2023 12:40:46 AM block412
10/23/2023 12:40:50 AM block413
10/23/2023 12:40:54 AM block414
10/23/2023 12:40:58 AM block415
10/23/2023 12:41:02 AM block416
10/23/2023 12:41:06 AM block417
10/23/2023 12:41:09 AM block418
10/23/2023 12:41:13 AM block419
10/23/2023 12:41:17 AM block420
10/23/2023 12:41:20 AM block421
10/23/2023 12:41:24 AM block422
10/23/2023 12:41:28 AM block423
10/23/2023 12:41:32 AM block424
10/23/2023 12:41:36 AM block425
10/23/2023 12:41:39 AM block426
10/23/2023 12:41:43 AM block427
10/23/2023 12:41:47 AM block428
10/23/2023 12:41:51 AM block429
10/23/2023 12:41:54 AM block430
10/23/2023 12:41:58 AM block431
10/23/2023 12:42:02 AM block432
10/23/2023 12:42:06 AM block433
10/23/2023 12:42:09 AM block434
10/23/2023 12:42:13 AM block435
10/23/2023 12:42:17 AM block436
10/23/2023 12:42:21 AM block437
10/23/2023 12:42:24 AM block438
10/23/2023 12:42:28 AM block439
10/23/2023 12:42:32 AM block440
10/23/2023 12:42:36 AM block441
10/23/2023 12:42:39 AM block442
10/23/2023 12:42:43 AM block443
10/23/2023 12:42:47 AM block444
10/23/2023 12:42:51 AM block445
10/23/2023 12:42:54 AM block446
10/23/2023 12:42:58 AM block447
10/23/2023 12:43:02 AM block448
10/23/2023 12:43:06 AM block449
10/23/2023 12:43:09 AM block450
10/23/2023 12:43:13 AM block451
10/23/2023 12:43:17 AM block452
10/23/2023 12:43:21 AM block453
10/23/2023 12:43:25 AM block454
10/23/2023 12:43:28 AM block455
10/23/2023 12:43:32 AM block456
10/23/2023 12:43:36 AM block457
10/23/2023 12:43:40 AM block458
10/23/2023 12:43:43 AM block459
10/23/2023 12:43:47 AM block460
10/23/2023 12:43:51 AM block461
10/23/2023 12:43:55 AM block462
10/23/2023 12:43:59 AM block463
10/23/2023 12:44:02 AM block464
10/23/2023 12:44:06 AM block465
10/23/2023 12:44:10 AM block466
10/23/2023 12:44:14 AM block467
10/23/2023 12:44:17 AM block468
10/23/2023 12:44:21 AM block469
10/23/2023 12:44:25 AM block470
10/23/2023 12:44:29 AM block471
10/23/2023 12:44:32 AM block472
10/23/2023 12:44:36 AM block473
10/23/2023 12:44:40 AM block474
10/23/2023 12:44:44 AM block475
10/23/2023 12:44:48 AM block476
10/23/2023 12:44:51 AM block477
10/23/2023 12:44:55 AM block478
10/23/2023 12:44:59 AM block479
10/23/2023 12:45:03 AM block480
10/23/2023 12:45:06 AM block481
10/23/2023 12:45:10 AM block482
10/23/2023 12:45:14 AM block483
10/23/2023 12:45:18 AM block484
10/23/2023 12:45:22 AM block485
10/23/2023 12:45:25 AM block486
10/23/2023 12:45:29 AM block487
10/23/2023 12:45:33 AM block488
10/23/2023 12:45:37 AM block489
10/23/2023 12:45:40 AM block490
10/23/2023 12:45:44 AM block491
10/23/2023 12:45:48 AM block492
10/23/2023 12:45:52 AM block493
10/23/2023 12:45:55 AM block494
10/23/2023 12:45:59 AM block495
10/23/2023 12:46:03 AM block496
10/23/2023 12:46:07 AM block497
10/23/2023 12:46:10 AM block498
10/23/2023 12:46:14 AM block499
10/23/2023 12:46:18 AM block500
10/23/2023 12:46:22 AM Succesfully calculated and returned BLOCK_window_list_U300_full data in /data/pragallva/2023_repeat_ERA5/post_processing/blocking_info_extra_variable/DJF_Ac=65/banded_data//lonm60-m0/lat20-30/BOOTSTRAPPING_BLOCKS/block_evolution_29_days/days4//u_v_pv_phi/
10/23/2023 12:46:22 AM ===== Time taken for this one field ======  1871.06
10/23/2023 12:46:26 AM ** Shapiro test done
10/23/2023 12:46:28 AM ** Percentiles done
10/23/2023 12:46:35 AM ** mean, median, std done
10/23/2023 12:46:35 AM ** stats saved in dictionary
10/23/2023 12:46:35 AM stats calculation done
10/23/2023 12:46:35 AM ------ Lon band --> lonm60-m0 and Lat band --> lat20-30 --- 
10/23/2023 12:46:35 AM -------Day 5 is not present-------
10/23/2023 12:46:35 AM ------ Lon band --> lonm60-m0 and Lat band --> lat20-30 --- 
10/23/2023 12:46:35 AM -------Day 6 is not present-------
10/23/2023 12:46:35 AM ------ Lon band --> lonm60-m0 and Lat band --> lat20-30 --- 
10/23/2023 12:46:35 AM -------Day 7 is not present-------
10/23/2023 12:46:35 AM ------ Lon band --> lonm60-m0 and Lat band --> lat20-30 --- 
10/23/2023 12:46:35 AM -------Day 8 is not present-------
10/23/2023 12:46:35 AM ------ Lon band --> lonm60-m0 and Lat band --> lat20-30 --- 
10/23/2023 12:46:35 AM -------Day 9 is not present-------
10/23/2023 12:46:35 AM ------ Lon band --> lonm60-m0 and Lat band --> lat20-30 --- 
10/23/2023 12:46:35 AM -------Day 10 is not present-------
10/23/2023 12:46:35 AM ------ Lon band --> lonm60-m0 and Lat band --> lat20-30 --- 
10/23/2023 12:46:35 AM -------Day 11 is not present-------
10/23/2023 12:46:35 AM ------ Lon band --> lonm60-m0 and Lat band --> lat20-30 --- 
10/23/2023 12:46:35 AM -------Day 12 is not present-------
10/23/2023 12:46:35 AM ------ Lon band --> lonm60-m0 and Lat band --> lat20-30 --- 
10/23/2023 12:46:35 AM -------Day 13 is not present-------
10/23/2023 12:46:35 AM ------ Lon band --> lonm60-m0 and Lat band --> lat20-30 --- 
10/23/2023 12:46:35 AM -------Day 14 is not present-------
10/23/2023 12:46:35 AM ------ Lon band --> lonm60-m0 and Lat band --> lat20-30 --- 
10/23/2023 12:46:35 AM -------Day 15 is not present-------
10/23/2023 12:46:35 AM ------ Lon band --> lonm60-m0 and Lat band --> lat20-30 --- 
10/23/2023 12:46:35 AM -------Day 16 is not present-------
10/23/2023 12:46:35 AM ------ Lon band --> lonm60-m0 and Lat band --> lat20-30 --- 
10/23/2023 12:46:35 AM -------Day 17 is not present-------
10/23/2023 12:46:35 AM ------ Lon band --> lonm60-m0 and Lat band --> lat20-30 --- 
10/23/2023 12:46:35 AM -------Day 18 is not present-------
10/23/2023 12:46:35 AM ------ Lon band --> lonm60-m0 and Lat band --> lat20-30 --- 
10/23/2023 12:46:35 AM -------Day 19 is not present-------
10/23/2023 12:46:35 AM Awesome! Finished successfully
10/23/2023 12:46:35 AM <--- TOTAL Time taken --> 3731.26
