10/22/2023 11:32:14 PM Bootstrapping -- 
/data/pragallva/2023_repeat_ERA5/post_processing/blocking_info_extra_variable/DJF_Ac=65/banded_data//lonm180-m120/lat20-30/BOOTSTRAPPING_BLOCKS/blocking_details_day_wise.hkl
10/22/2023 11:32:14 PM ==== Brace-up for some stat calculation in  lonm180-m120 - lat20-30 ====
10/22/2023 11:32:15 PM Beginning to load all the files .....
10/22/2023 11:32:29 PM ...Loaded all the files
10/22/2023 11:32:29 PM ------ Lon band --> lonm180-m120 and Lat band --> lat20-30 --- 
10/22/2023 11:32:29 PM ----------------Day = 4-----------------------
10/22/2023 11:32:29 PM Working on /data/pragallva/2023_repeat_ERA5/post_processing/blocking_info_extra_variable/DJF_Ac=65/banded_data//lonm180-m120/lat20-30/BOOTSTRAPPING_BLOCKS/block_evolution_29_days/days4//synoptic_WA_budget/
10/22/2023 11:32:29 PM   *******  
10/22/2023 11:32:29 PM *   o  o  *
10/22/2023 11:32:29 PM *    v    *
10/22/2023 11:32:29 PM  *  ~~~  * 
10/22/2023 11:32:29 PM   *******  
10/22/2023 11:32:29 PM Wait now. Need to calculate BLOCK_window_list_dzEPz_full_synoptic data in /data/pragallva/2023_repeat_ERA5/post_processing/blocking_info_extra_variable/DJF_Ac=65/banded_data//lonm180-m120/lat20-30/BOOTSTRAPPING_BLOCKS/block_evolution_29_days/days4//synoptic_WA_budget/
10/22/2023 11:32:29 PM block1
10/22/2023 11:32:34 PM block2
10/22/2023 11:32:38 PM block3
10/22/2023 11:32:42 PM block4
10/22/2023 11:32:47 PM block5
10/22/2023 11:32:51 PM block6
10/22/2023 11:32:55 PM block7
10/22/2023 11:33:00 PM block8
10/22/2023 11:33:04 PM block9
10/22/2023 11:33:08 PM block10
10/22/2023 11:33:13 PM block11
10/22/2023 11:33:17 PM block12
10/22/2023 11:33:23 PM block13
10/22/2023 11:33:27 PM block14
10/22/2023 11:33:32 PM block15
10/22/2023 11:33:36 PM block16
10/22/2023 11:33:41 PM block17
10/22/2023 11:33:45 PM block18
10/22/2023 11:33:50 PM block19
10/22/2023 11:33:54 PM block20
10/22/2023 11:33:59 PM block21
10/22/2023 11:34:04 PM block22
10/22/2023 11:34:09 PM block23
10/22/2023 11:34:13 PM block24
10/22/2023 11:34:18 PM block25
10/22/2023 11:34:23 PM block26
10/22/2023 11:34:28 PM block27
10/22/2023 11:34:32 PM block28
10/22/2023 11:34:38 PM block29
10/22/2023 11:34:43 PM block30
10/22/2023 11:34:48 PM block31
10/22/2023 11:34:53 PM block32
10/22/2023 11:34:58 PM block33
10/22/2023 11:35:03 PM block34
10/22/2023 11:35:08 PM block35
10/22/2023 11:35:12 PM block36
10/22/2023 11:35:18 PM block37
10/22/2023 11:35:22 PM block38
10/22/2023 11:35:27 PM block39
10/22/2023 11:35:32 PM block40
10/22/2023 11:35:37 PM block41
10/22/2023 11:35:41 PM block42
10/22/2023 11:35:46 PM block43
10/22/2023 11:35:51 PM block44
10/22/2023 11:35:55 PM block45
10/22/2023 11:36:01 PM block46
10/22/2023 11:36:05 PM block47
10/22/2023 11:36:10 PM block48
10/22/2023 11:36:15 PM block49
10/22/2023 11:36:20 PM block50
10/22/2023 11:36:24 PM block51
10/22/2023 11:36:30 PM block52
10/22/2023 11:36:34 PM block53
10/22/2023 11:36:39 PM block54
10/22/2023 11:36:44 PM block55
10/22/2023 11:36:48 PM block56
10/22/2023 11:36:53 PM block57
10/22/2023 11:36:58 PM block58
10/22/2023 11:37:03 PM block59
10/22/2023 11:37:07 PM block60
10/22/2023 11:37:11 PM block61
10/22/2023 11:37:16 PM block62
10/22/2023 11:37:21 PM block63
10/22/2023 11:37:26 PM block64
10/22/2023 11:37:30 PM block65
10/22/2023 11:37:36 PM block66
10/22/2023 11:37:40 PM block67
10/22/2023 11:37:45 PM block68
10/22/2023 11:37:49 PM block69
10/22/2023 11:37:54 PM block70
10/22/2023 11:37:59 PM block71
10/22/2023 11:38:03 PM block72
10/22/2023 11:38:08 PM block73
10/22/2023 11:38:13 PM block74
10/22/2023 11:38:18 PM block75
10/22/2023 11:38:22 PM block76
10/22/2023 11:38:27 PM block77
10/22/2023 11:38:31 PM block78
10/22/2023 11:38:36 PM block79
10/22/2023 11:38:41 PM block80
10/22/2023 11:38:45 PM block81
10/22/2023 11:38:50 PM block82
10/22/2023 11:38:55 PM block83
10/22/2023 11:39:00 PM block84
10/22/2023 11:39:04 PM block85
10/22/2023 11:39:08 PM block86
10/22/2023 11:39:13 PM block87
10/22/2023 11:39:18 PM block88
10/22/2023 11:39:22 PM block89
10/22/2023 11:39:27 PM block90
10/22/2023 11:39:32 PM block91
10/22/2023 11:39:36 PM block92
10/22/2023 11:39:41 PM block93
10/22/2023 11:39:45 PM block94
10/22/2023 11:39:50 PM block95
10/22/2023 11:39:55 PM block96
10/22/2023 11:39:59 PM block97
10/22/2023 11:40:04 PM block98
10/22/2023 11:40:08 PM block99
10/22/2023 11:40:13 PM block100
10/22/2023 11:40:18 PM block101
10/22/2023 11:40:22 PM block102
10/22/2023 11:40:26 PM block103
10/22/2023 11:40:31 PM block104
10/22/2023 11:40:36 PM block105
10/22/2023 11:40:40 PM block106
10/22/2023 11:40:45 PM block107
10/22/2023 11:40:49 PM block108
10/22/2023 11:40:54 PM block109
10/22/2023 11:40:59 PM block110
10/22/2023 11:41:04 PM block111
10/22/2023 11:41:08 PM block112
10/22/2023 11:41:13 PM block113
10/22/2023 11:41:18 PM block114
10/22/2023 11:41:22 PM block115
10/22/2023 11:41:27 PM block116
10/22/2023 11:41:31 PM block117
10/22/2023 11:41:36 PM block118
10/22/2023 11:41:41 PM block119
10/22/2023 11:41:45 PM block120
10/22/2023 11:41:50 PM block121
10/22/2023 11:41:55 PM block122
10/22/2023 11:41:59 PM block123
10/22/2023 11:42:04 PM block124
10/22/2023 11:42:08 PM block125
10/22/2023 11:42:13 PM block126
10/22/2023 11:42:18 PM block127
10/22/2023 11:42:23 PM block128
10/22/2023 11:42:27 PM block129
10/22/2023 11:42:32 PM block130
10/22/2023 11:42:37 PM block131
10/22/2023 11:42:42 PM block132
10/22/2023 11:42:46 PM block133
10/22/2023 11:42:51 PM block134
10/22/2023 11:42:55 PM block135
10/22/2023 11:43:00 PM block136
10/22/2023 11:43:05 PM block137
10/22/2023 11:43:10 PM block138
10/22/2023 11:43:14 PM block139
10/22/2023 11:43:19 PM block140
10/22/2023 11:43:24 PM block141
10/22/2023 11:43:28 PM block142
10/22/2023 11:43:33 PM block143
10/22/2023 11:43:38 PM block144
10/22/2023 11:43:43 PM block145
10/22/2023 11:43:47 PM block146
10/22/2023 11:43:52 PM block147
10/22/2023 11:43:56 PM block148
10/22/2023 11:44:01 PM block149
10/22/2023 11:44:06 PM block150
10/22/2023 11:44:10 PM block151
10/22/2023 11:44:15 PM block152
10/22/2023 11:44:19 PM block153
10/22/2023 11:44:23 PM block154
10/22/2023 11:44:29 PM block155
10/22/2023 11:44:34 PM block156
10/22/2023 11:44:40 PM block157
10/22/2023 11:44:44 PM block158
10/22/2023 11:44:49 PM block159
10/22/2023 11:44:55 PM block160
10/22/2023 11:44:59 PM block161
10/22/2023 11:45:04 PM block162
10/22/2023 11:45:09 PM block163
10/22/2023 11:45:14 PM block164
10/22/2023 11:45:19 PM block165
10/22/2023 11:45:24 PM block166
10/22/2023 11:45:29 PM block167
10/22/2023 11:45:33 PM block168
10/22/2023 11:45:38 PM block169
10/22/2023 11:45:43 PM block170
10/22/2023 11:45:47 PM block171
10/22/2023 11:45:52 PM block172
10/22/2023 11:45:57 PM block173
10/22/2023 11:46:02 PM block174
10/22/2023 11:46:06 PM block175
10/22/2023 11:46:11 PM block176
10/22/2023 11:46:16 PM block177
10/22/2023 11:46:21 PM block178
10/22/2023 11:46:25 PM block179
10/22/2023 11:46:30 PM block180
10/22/2023 11:46:35 PM block181
10/22/2023 11:46:39 PM block182
10/22/2023 11:46:44 PM block183
10/22/2023 11:46:49 PM block184
10/22/2023 11:46:54 PM block185
10/22/2023 11:46:58 PM block186
10/22/2023 11:47:03 PM block187
10/22/2023 11:47:08 PM block188
10/22/2023 11:47:13 PM block189
10/22/2023 11:47:17 PM block190
10/22/2023 11:47:22 PM block191
10/22/2023 11:47:26 PM block192
10/22/2023 11:47:31 PM block193
10/22/2023 11:47:36 PM block194
10/22/2023 11:47:40 PM block195
10/22/2023 11:47:45 PM block196
10/22/2023 11:47:50 PM block197
10/22/2023 11:47:55 PM block198
10/22/2023 11:47:59 PM block199
10/22/2023 11:48:04 PM block200
10/22/2023 11:48:09 PM block201
10/22/2023 11:48:13 PM block202
10/22/2023 11:48:18 PM block203
10/22/2023 11:48:23 PM block204
10/22/2023 11:48:27 PM block205
10/22/2023 11:48:32 PM block206
10/22/2023 11:48:37 PM block207
10/22/2023 11:48:41 PM block208
10/22/2023 11:48:46 PM block209
10/22/2023 11:48:51 PM block210
10/22/2023 11:48:56 PM block211
10/22/2023 11:49:00 PM block212
10/22/2023 11:49:05 PM block213
10/22/2023 11:49:09 PM block214
10/22/2023 11:49:14 PM block215
10/22/2023 11:49:19 PM block216
10/22/2023 11:49:23 PM block217
10/22/2023 11:49:28 PM block218
10/22/2023 11:49:33 PM block219
10/22/2023 11:49:38 PM block220
10/22/2023 11:49:42 PM block221
10/22/2023 11:49:47 PM block222
10/22/2023 11:49:51 PM block223
10/22/2023 11:49:56 PM block224
10/22/2023 11:50:01 PM block225
10/22/2023 11:50:06 PM block226
10/22/2023 11:50:10 PM block227
10/22/2023 11:50:15 PM block228
10/22/2023 11:50:20 PM block229
10/22/2023 11:50:25 PM block230
10/22/2023 11:50:29 PM block231
10/22/2023 11:50:34 PM block232
10/22/2023 11:50:39 PM block233
10/22/2023 11:50:43 PM block234
10/22/2023 11:50:48 PM block235
10/22/2023 11:50:52 PM block236
10/22/2023 11:50:57 PM block237
10/22/2023 11:51:02 PM block238
10/22/2023 11:51:07 PM block239
10/22/2023 11:51:11 PM block240
10/22/2023 11:51:16 PM block241
10/22/2023 11:51:21 PM block242
10/22/2023 11:51:26 PM block243
10/22/2023 11:51:30 PM block244
10/22/2023 11:51:35 PM block245
10/22/2023 11:51:40 PM block246
10/22/2023 11:51:45 PM block247
10/22/2023 11:51:49 PM block248
10/22/2023 11:51:54 PM block249
10/22/2023 11:51:58 PM block250
10/22/2023 11:52:04 PM block251
10/22/2023 11:52:08 PM block252
10/22/2023 11:52:13 PM block253
10/22/2023 11:52:17 PM block254
10/22/2023 11:52:22 PM block255
10/22/2023 11:52:27 PM block256
10/22/2023 11:52:31 PM block257
10/22/2023 11:52:36 PM block258
10/22/2023 11:52:40 PM block259
10/22/2023 11:52:45 PM block260
10/22/2023 11:52:50 PM block261
10/22/2023 11:52:55 PM block262
10/22/2023 11:52:59 PM block263
10/22/2023 11:53:04 PM block264
10/22/2023 11:53:09 PM block265
10/22/2023 11:53:14 PM block266
10/22/2023 11:53:18 PM block267
10/22/2023 11:53:23 PM block268
10/22/2023 11:53:28 PM block269
10/22/2023 11:53:32 PM block270
10/22/2023 11:53:37 PM block271
10/22/2023 11:53:42 PM block272
10/22/2023 11:53:47 PM block273
10/22/2023 11:53:51 PM block274
10/22/2023 11:53:56 PM block275
10/22/2023 11:54:00 PM block276
10/22/2023 11:54:05 PM block277
10/22/2023 11:54:10 PM block278
10/22/2023 11:54:15 PM block279
10/22/2023 11:54:19 PM block280
10/22/2023 11:54:24 PM block281
10/22/2023 11:54:29 PM block282
10/22/2023 11:54:33 PM block283
10/22/2023 11:54:38 PM block284
10/22/2023 11:54:42 PM block285
10/22/2023 11:54:47 PM block286
10/22/2023 11:54:52 PM block287
10/22/2023 11:54:56 PM block288
10/22/2023 11:55:01 PM block289
10/22/2023 11:55:06 PM block290
10/22/2023 11:55:11 PM block291
10/22/2023 11:55:15 PM block292
10/22/2023 11:55:20 PM block293
10/22/2023 11:55:24 PM block294
10/22/2023 11:55:29 PM block295
10/22/2023 11:55:34 PM block296
10/22/2023 11:55:39 PM block297
10/22/2023 11:55:43 PM block298
10/22/2023 11:55:48 PM block299
10/22/2023 11:55:53 PM block300
10/22/2023 11:55:57 PM block301
10/22/2023 11:56:02 PM block302
10/22/2023 11:56:06 PM block303
10/22/2023 11:56:11 PM block304
10/22/2023 11:56:16 PM block305
10/22/2023 11:56:21 PM block306
10/22/2023 11:56:25 PM block307
10/22/2023 11:56:30 PM block308
10/22/2023 11:56:35 PM block309
10/22/2023 11:56:40 PM block310
10/22/2023 11:56:44 PM block311
10/22/2023 11:56:49 PM block312
10/22/2023 11:56:54 PM block313
10/22/2023 11:56:59 PM block314
10/22/2023 11:57:04 PM block315
10/22/2023 11:57:08 PM block316
10/22/2023 11:57:13 PM block317
10/22/2023 11:57:18 PM block318
10/22/2023 11:57:23 PM block319
10/22/2023 11:57:28 PM block320
10/22/2023 11:57:33 PM block321
10/22/2023 11:57:38 PM block322
10/22/2023 11:57:42 PM block323
10/22/2023 11:57:47 PM block324
10/22/2023 11:57:52 PM block325
10/22/2023 11:57:57 PM block326
10/22/2023 11:58:01 PM block327
10/22/2023 11:58:06 PM block328
10/22/2023 11:58:11 PM block329
10/22/2023 11:58:16 PM block330
10/22/2023 11:58:21 PM block331
10/22/2023 11:58:26 PM block332
10/22/2023 11:58:31 PM block333
10/22/2023 11:58:36 PM block334
10/22/2023 11:58:40 PM block335
10/22/2023 11:58:45 PM block336
10/22/2023 11:58:50 PM block337
10/22/2023 11:58:55 PM block338
10/22/2023 11:59:00 PM block339
10/22/2023 11:59:04 PM block340
10/22/2023 11:59:09 PM block341
10/22/2023 11:59:14 PM block342
10/22/2023 11:59:19 PM block343
10/22/2023 11:59:23 PM block344
10/22/2023 11:59:28 PM block345
10/22/2023 11:59:33 PM block346
10/22/2023 11:59:38 PM block347
10/22/2023 11:59:42 PM block348
10/22/2023 11:59:47 PM block349
10/22/2023 11:59:52 PM block350
10/22/2023 11:59:57 PM block351
10/23/2023 12:00:01 AM block352
10/23/2023 12:00:06 AM block353
10/23/2023 12:00:10 AM block354
10/23/2023 12:00:15 AM block355
10/23/2023 12:00:20 AM block356
10/23/2023 12:00:25 AM block357
10/23/2023 12:00:29 AM block358
10/23/2023 12:00:34 AM block359
10/23/2023 12:00:39 AM block360
10/23/2023 12:00:44 AM block361
10/23/2023 12:00:49 AM block362
10/23/2023 12:00:54 AM block363
10/23/2023 12:00:59 AM block364
10/23/2023 12:01:03 AM block365
10/23/2023 12:01:08 AM block366
10/23/2023 12:01:13 AM block367
10/23/2023 12:01:17 AM block368
10/23/2023 12:01:22 AM block369
10/23/2023 12:01:27 AM block370
10/23/2023 12:01:32 AM block371
10/23/2023 12:01:36 AM block372
10/23/2023 12:01:41 AM block373
10/23/2023 12:01:45 AM block374
10/23/2023 12:01:50 AM block375
10/23/2023 12:01:55 AM block376
10/23/2023 12:02:00 AM block377
10/23/2023 12:02:04 AM block378
10/23/2023 12:02:09 AM block379
10/23/2023 12:02:14 AM block380
10/23/2023 12:02:19 AM block381
10/23/2023 12:02:23 AM block382
10/23/2023 12:02:28 AM block383
10/23/2023 12:02:33 AM block384
10/23/2023 12:02:37 AM block385
10/23/2023 12:02:42 AM block386
10/23/2023 12:02:46 AM block387
10/23/2023 12:02:52 AM block388
10/23/2023 12:02:56 AM block389
10/23/2023 12:03:01 AM block390
10/23/2023 12:03:05 AM block391
10/23/2023 12:03:10 AM block392
10/23/2023 12:03:15 AM block393
10/23/2023 12:03:19 AM block394
10/23/2023 12:03:24 AM block395
10/23/2023 12:03:29 AM block396
10/23/2023 12:03:34 AM block397
10/23/2023 12:03:38 AM block398
10/23/2023 12:03:43 AM block399
10/23/2023 12:03:48 AM block400
10/23/2023 12:03:53 AM block401
10/23/2023 12:03:57 AM block402
10/23/2023 12:04:02 AM block403
10/23/2023 12:04:06 AM block404
10/23/2023 12:04:11 AM block405
10/23/2023 12:04:16 AM block406
10/23/2023 12:04:21 AM block407
10/23/2023 12:04:25 AM block408
10/23/2023 12:04:30 AM block409
10/23/2023 12:04:35 AM block410
10/23/2023 12:04:40 AM block411
10/23/2023 12:04:44 AM block412
10/23/2023 12:04:49 AM block413
10/23/2023 12:04:54 AM block414
10/23/2023 12:04:59 AM block415
10/23/2023 12:05:04 AM block416
10/23/2023 12:05:09 AM block417
10/23/2023 12:05:13 AM block418
10/23/2023 12:05:18 AM block419
10/23/2023 12:05:23 AM block420
10/23/2023 12:05:28 AM block421
10/23/2023 12:05:32 AM block422
10/23/2023 12:05:37 AM block423
10/23/2023 12:05:41 AM block424
10/23/2023 12:05:46 AM block425
10/23/2023 12:05:51 AM block426
10/23/2023 12:05:56 AM block427
10/23/2023 12:06:00 AM block428
10/23/2023 12:06:05 AM block429
10/23/2023 12:06:09 AM block430
10/23/2023 12:06:14 AM block431
10/23/2023 12:06:19 AM block432
10/23/2023 12:06:23 AM block433
10/23/2023 12:06:28 AM block434
10/23/2023 12:06:33 AM block435
10/23/2023 12:06:37 AM block436
10/23/2023 12:06:42 AM block437
10/23/2023 12:06:46 AM block438
10/23/2023 12:06:51 AM block439
10/23/2023 12:06:56 AM block440
10/23/2023 12:07:01 AM block441
10/23/2023 12:07:06 AM block442
10/23/2023 12:07:10 AM block443
10/23/2023 12:07:16 AM block444
10/23/2023 12:07:20 AM block445
10/23/2023 12:07:25 AM block446
10/23/2023 12:07:29 AM block447
10/23/2023 12:07:34 AM block448
10/23/2023 12:07:39 AM block449
10/23/2023 12:07:44 AM block450
10/23/2023 12:07:48 AM block451
10/23/2023 12:07:54 AM block452
10/23/2023 12:07:58 AM block453
10/23/2023 12:08:03 AM block454
10/23/2023 12:08:08 AM block455
10/23/2023 12:08:13 AM block456
10/23/2023 12:08:17 AM block457
10/23/2023 12:08:22 AM block458
10/23/2023 12:08:27 AM block459
10/23/2023 12:08:32 AM block460
10/23/2023 12:08:36 AM block461
10/23/2023 12:08:41 AM block462
10/23/2023 12:08:46 AM block463
10/23/2023 12:08:50 AM block464
10/23/2023 12:08:55 AM block465
10/23/2023 12:09:00 AM block466
10/23/2023 12:09:05 AM block467
10/23/2023 12:09:09 AM block468
10/23/2023 12:09:14 AM block469
10/23/2023 12:09:19 AM block470
10/23/2023 12:09:24 AM block471
10/23/2023 12:09:29 AM block472
10/23/2023 12:09:33 AM block473
10/23/2023 12:09:38 AM block474
10/23/2023 12:09:43 AM block475
10/23/2023 12:09:48 AM block476
10/23/2023 12:09:52 AM block477
10/23/2023 12:09:57 AM block478
10/23/2023 12:10:02 AM block479
10/23/2023 12:10:07 AM block480
10/23/2023 12:10:12 AM block481
10/23/2023 12:10:16 AM block482
10/23/2023 12:10:21 AM block483
10/23/2023 12:10:26 AM block484
10/23/2023 12:10:31 AM block485
10/23/2023 12:10:35 AM block486
10/23/2023 12:10:40 AM block487
10/23/2023 12:10:45 AM block488
10/23/2023 12:10:50 AM block489
10/23/2023 12:10:54 AM block490
10/23/2023 12:10:59 AM block491
10/23/2023 12:11:04 AM block492
10/23/2023 12:11:09 AM block493
10/23/2023 12:11:14 AM block494
10/23/2023 12:11:18 AM block495
10/23/2023 12:11:23 AM block496
10/23/2023 12:11:28 AM block497
10/23/2023 12:11:33 AM block498
10/23/2023 12:11:37 AM block499
10/23/2023 12:11:42 AM block500
10/23/2023 12:11:47 AM Succesfully calculated and returned BLOCK_window_list_dzEPz_full_synoptic data in /data/pragallva/2023_repeat_ERA5/post_processing/blocking_info_extra_variable/DJF_Ac=65/banded_data//lonm180-m120/lat20-30/BOOTSTRAPPING_BLOCKS/block_evolution_29_days/days4//synoptic_WA_budget/
10/23/2023 12:11:47 AM ===== Time taken for this one field ======  2358.07
10/23/2023 12:11:52 AM ** Shapiro test done
10/23/2023 12:12:05 AM ** Percentiles done
10/23/2023 12:12:14 AM ** mean, median, std done
10/23/2023 12:12:14 AM ** stats saved in dictionary
10/23/2023 12:12:14 AM stats calculation done
10/23/2023 12:12:14 AM Working on /data/pragallva/2023_repeat_ERA5/post_processing/blocking_info_extra_variable/DJF_Ac=65/banded_data//lonm180-m120/lat20-30/BOOTSTRAPPING_BLOCKS/block_evolution_29_days/days4//synoptic_WA_fluxes/
10/23/2023 12:12:14 AM ------ Lon band --> lonm180-m120 and Lat band --> lat20-30 --- 
10/23/2023 12:12:14 AM -------Day 5 is not present-------
10/23/2023 12:12:14 AM ------ Lon band --> lonm180-m120 and Lat band --> lat20-30 --- 
10/23/2023 12:12:14 AM -------Day 6 is not present-------
10/23/2023 12:12:14 AM ------ Lon band --> lonm180-m120 and Lat band --> lat20-30 --- 
10/23/2023 12:12:14 AM -------Day 7 is not present-------
10/23/2023 12:12:14 AM ------ Lon band --> lonm180-m120 and Lat band --> lat20-30 --- 
10/23/2023 12:12:14 AM -------Day 8 is not present-------
10/23/2023 12:12:14 AM ------ Lon band --> lonm180-m120 and Lat band --> lat20-30 --- 
10/23/2023 12:12:14 AM -------Day 9 is not present-------
10/23/2023 12:12:14 AM ------ Lon band --> lonm180-m120 and Lat band --> lat20-30 --- 
10/23/2023 12:12:14 AM -------Day 10 is not present-------
10/23/2023 12:12:14 AM ------ Lon band --> lonm180-m120 and Lat band --> lat20-30 --- 
10/23/2023 12:12:14 AM -------Day 11 is not present-------
10/23/2023 12:12:14 AM ------ Lon band --> lonm180-m120 and Lat band --> lat20-30 --- 
10/23/2023 12:12:14 AM -------Day 12 is not present-------
10/23/2023 12:12:14 AM ------ Lon band --> lonm180-m120 and Lat band --> lat20-30 --- 
10/23/2023 12:12:14 AM -------Day 13 is not present-------
10/23/2023 12:12:14 AM ------ Lon band --> lonm180-m120 and Lat band --> lat20-30 --- 
10/23/2023 12:12:14 AM -------Day 14 is not present-------
10/23/2023 12:12:14 AM ------ Lon band --> lonm180-m120 and Lat band --> lat20-30 --- 
10/23/2023 12:12:14 AM -------Day 15 is not present-------
10/23/2023 12:12:14 AM ------ Lon band --> lonm180-m120 and Lat band --> lat20-30 --- 
10/23/2023 12:12:14 AM -------Day 16 is not present-------
10/23/2023 12:12:14 AM ------ Lon band --> lonm180-m120 and Lat band --> lat20-30 --- 
10/23/2023 12:12:14 AM -------Day 17 is not present-------
10/23/2023 12:12:14 AM ------ Lon band --> lonm180-m120 and Lat band --> lat20-30 --- 
10/23/2023 12:12:14 AM -------Day 18 is not present-------
10/23/2023 12:12:14 AM ------ Lon band --> lonm180-m120 and Lat band --> lat20-30 --- 
10/23/2023 12:12:14 AM -------Day 19 is not present-------
10/23/2023 12:12:14 AM Awesome! Finished successfully
10/23/2023 12:12:14 AM <--- TOTAL Time taken --> 2400.63
