10/02/2023 03:37:10 AM ###################################################################################
10/02/2023 03:37:10 AM Calculated the CROSS CORRELATION TERMS
10/02/2023 03:37:10 AM -----------------------------------------------------------------------------------
10/02/2023 03:38:19 AM Day 1
10/02/2023 03:38:19 AM Calculating dA_dt .....
10/02/2023 03:39:03 AM Calculating dF_dx .....
10/02/2023 03:39:48 AM Calculating dF1_adv_dx .....
10/02/2023 03:40:35 AM Calculating dF2_adv_dx .....
10/02/2023 03:41:21 AM Calculating dF_EPx_dx .....
10/02/2023 03:42:06 AM Calculating dF_EPy_dy .....
10/02/2023 03:42:51 AM Calculating dF_EPz_dz .....
10/02/2023 03:43:37 AM Calculating residual .....
10/02/2023 03:44:23 AM Saved 1 in 
 /data/pragallva/2023_repeat_ERA5/post_processing/parameters///covar_corr/normalized_variance/ 
 /data/pragallva/2023_repeat_ERA5/post_processing/parameters///covar_corr/variance/
10/02/2023 03:44:23 AM Day 2
10/02/2023 03:44:23 AM Calculating dA_dt .....
10/02/2023 03:45:07 AM Calculating dF_dx .....
10/02/2023 03:45:53 AM Calculating dF1_adv_dx .....
10/02/2023 03:46:38 AM Calculating dF2_adv_dx .....
10/02/2023 03:47:24 AM Calculating dF_EPx_dx .....
10/02/2023 03:48:10 AM Calculating dF_EPy_dy .....
10/02/2023 03:48:54 AM Calculating dF_EPz_dz .....
10/02/2023 03:49:39 AM Calculating residual .....
10/02/2023 03:50:25 AM Saved 2 in 
 /data/pragallva/2023_repeat_ERA5/post_processing/parameters///covar_corr/normalized_variance/ 
 /data/pragallva/2023_repeat_ERA5/post_processing/parameters///covar_corr/variance/
10/02/2023 03:50:25 AM Day 3
10/02/2023 03:50:25 AM Calculating dA_dt .....
10/02/2023 03:51:09 AM Calculating dF_dx .....
10/02/2023 03:51:55 AM Calculating dF1_adv_dx .....
10/02/2023 03:52:40 AM Calculating dF2_adv_dx .....
10/02/2023 03:53:26 AM Calculating dF_EPx_dx .....
10/02/2023 03:54:11 AM Calculating dF_EPy_dy .....
10/02/2023 03:54:56 AM Calculating dF_EPz_dz .....
10/02/2023 03:55:41 AM Calculating residual .....
10/02/2023 03:56:26 AM Saved 3 in 
 /data/pragallva/2023_repeat_ERA5/post_processing/parameters///covar_corr/normalized_variance/ 
 /data/pragallva/2023_repeat_ERA5/post_processing/parameters///covar_corr/variance/
10/02/2023 03:56:26 AM Day 4
10/02/2023 03:56:26 AM Calculating dA_dt .....
10/02/2023 03:57:09 AM Calculating dF_dx .....
10/02/2023 03:57:53 AM Calculating dF1_adv_dx .....
10/02/2023 03:58:37 AM Calculating dF2_adv_dx .....
10/02/2023 03:59:21 AM Calculating dF_EPx_dx .....
10/02/2023 04:00:07 AM Calculating dF_EPy_dy .....
10/02/2023 04:00:50 AM Calculating dF_EPz_dz .....
10/02/2023 04:01:34 AM Calculating residual .....
10/02/2023 04:02:18 AM Saved 4 in 
 /data/pragallva/2023_repeat_ERA5/post_processing/parameters///covar_corr/normalized_variance/ 
 /data/pragallva/2023_repeat_ERA5/post_processing/parameters///covar_corr/variance/
10/02/2023 04:02:18 AM -----------------------------------------------------------------------------------
10/02/2023 04:02:18 AM CROSS CORRELATION TERMS SRE CALCULATED, GOOD JOB !!!
10/02/2023 04:02:18 AM #####################################################################################
