10/05/2023 12:13:58 AM Beginning to load all the files .....
10/05/2023 12:15:04 AM ...Loaded all the files
10/05/2023 12:15:04 AM ------ Lon band --> lonm60-m0 and Lat band --> lat75-90 --- 
10/05/2023 12:15:04 AM -------Day 4 is not present-------
10/05/2023 12:15:04 AM ------ Lon band --> lonm60-m0 and Lat band --> lat75-90 --- 
10/05/2023 12:15:04 AM -------Day 5 is not present-------
10/05/2023 12:15:04 AM ------ Lon band --> lonm60-m0 and Lat band --> lat75-90 --- 
10/05/2023 12:15:04 AM -------Day 6 is not present-------
10/05/2023 12:15:04 AM ------ Lon band --> lonm60-m0 and Lat band --> lat75-90 --- 
10/05/2023 12:15:04 AM -------Day 7 is not present-------
10/05/2023 12:15:04 AM ------ Lon band --> lonm60-m0 and Lat band --> lat75-90 --- 
10/05/2023 12:15:04 AM -------Day 8 is not present-------
10/05/2023 12:15:04 AM ------ Lon band --> lonm60-m0 and Lat band --> lat75-90 --- 
10/05/2023 12:15:04 AM -------Day 9 is not present-------
10/05/2023 12:15:04 AM ------ Lon band --> lonm60-m0 and Lat band --> lat75-90 --- 
10/05/2023 12:15:04 AM -------Day 10 is not present-------
10/05/2023 12:15:04 AM ------ Lon band --> lonm60-m0 and Lat band --> lat75-90 --- 
10/05/2023 12:15:04 AM -------Day 11 is not present-------
10/05/2023 12:15:04 AM ------ Lon band --> lonm60-m0 and Lat band --> lat75-90 --- 
10/05/2023 12:15:04 AM -------Day 12 is not present-------
10/05/2023 12:15:04 AM ------ Lon band --> lonm60-m0 and Lat band --> lat75-90 --- 
10/05/2023 12:15:04 AM -------Day 13 is not present-------
10/05/2023 12:15:04 AM ------ Lon band --> lonm60-m0 and Lat band --> lat75-90 --- 
10/05/2023 12:15:04 AM -------Day 14 is not present-------
10/05/2023 12:15:04 AM ------ Lon band --> lonm60-m0 and Lat band --> lat75-90 --- 
10/05/2023 12:15:04 AM -------Day 15 is not present-------
10/05/2023 12:15:04 AM ------ Lon band --> lonm60-m0 and Lat band --> lat75-90 --- 
10/05/2023 12:15:04 AM -------Day 16 is not present-------
10/05/2023 12:15:04 AM ------ Lon band --> lonm60-m0 and Lat band --> lat75-90 --- 
10/05/2023 12:15:04 AM -------Day 17 is not present-------
10/05/2023 12:15:04 AM ------ Lon band --> lonm60-m0 and Lat band --> lat75-90 --- 
10/05/2023 12:15:04 AM -------Day 18 is not present-------
10/05/2023 12:15:04 AM ------ Lon band --> lonm60-m0 and Lat band --> lat75-90 --- 
10/05/2023 12:15:04 AM -------Day 19 is not present-------
10/05/2023 12:15:06 AM Awesome! Finished successfully
10/05/2023 12:15:06 AM <--- TOTAL Time taken --> 1.82
