10/04/2023 10:51:16 AM aLWAb_N extracting now
10/04/2023 10:51:16 AM looking into /mnt/winds/data2/nnn/ERA5/BARO_N/1979_aLWAb_N.nc now
10/04/2023 10:51:18 AM looking into /mnt/winds/data2/nnn/ERA5/BARO_N/1980_aLWAb_N.nc now
10/04/2023 10:51:20 AM looking into /mnt/winds/data2/nnn/ERA5/BARO_N/1981_aLWAb_N.nc now
10/04/2023 10:51:23 AM looking into /mnt/winds/data2/nnn/ERA5/BARO_N/1982_aLWAb_N.nc now
10/04/2023 10:51:25 AM looking into /mnt/winds/data2/nnn/ERA5/BARO_N/1983_aLWAb_N.nc now
10/04/2023 10:51:27 AM looking into /mnt/winds/data2/nnn/ERA5/BARO_N/1984_aLWAb_N.nc now
10/04/2023 10:51:30 AM looking into /mnt/winds/data2/nnn/ERA5/BARO_N/1985_aLWAb_N.nc now
10/04/2023 10:51:32 AM looking into /mnt/winds/data2/nnn/ERA5/BARO_N/1986_aLWAb_N.nc now
10/04/2023 10:51:34 AM looking into /mnt/winds/data2/nnn/ERA5/BARO_N/1987_aLWAb_N.nc now
10/04/2023 10:51:37 AM looking into /mnt/winds/data2/nnn/ERA5/BARO_N/1988_aLWAb_N.nc now
10/04/2023 10:51:39 AM looking into /mnt/winds/data2/nnn/ERA5/BARO_N/1989_aLWAb_N.nc now
10/04/2023 10:51:41 AM looking into /mnt/winds/data2/nnn/ERA5/BARO_N/1990_aLWAb_N.nc now
10/04/2023 10:51:43 AM looking into /mnt/winds/data2/nnn/ERA5/BARO_N/1991_aLWAb_N.nc now
10/04/2023 10:51:46 AM looking into /mnt/winds/data2/nnn/ERA5/BARO_N/1992_aLWAb_N.nc now
10/04/2023 10:51:48 AM looking into /mnt/winds/data2/nnn/ERA5/BARO_N/1993_aLWAb_N.nc now
10/04/2023 10:51:50 AM looking into /mnt/winds/data2/nnn/ERA5/BARO_N/1994_aLWAb_N.nc now
10/04/2023 10:51:53 AM looking into /mnt/winds/data2/nnn/ERA5/BARO_N/1995_aLWAb_N.nc now
10/04/2023 10:51:55 AM looking into /mnt/winds/data2/nnn/ERA5/BARO_N/1996_aLWAb_N.nc now
10/04/2023 10:51:57 AM looking into /mnt/winds/data2/nnn/ERA5/BARO_N/1997_aLWAb_N.nc now
10/04/2023 10:51:59 AM looking into /mnt/winds/data2/nnn/ERA5/BARO_N/1998_aLWAb_N.nc now
10/04/2023 10:52:02 AM looking into /mnt/winds/data2/nnn/ERA5/BARO_N/1999_aLWAb_N.nc now
10/04/2023 10:52:04 AM looking into /mnt/winds/data2/nnn/ERA5/BARO_N/2000_aLWAb_N.nc now
10/04/2023 10:52:06 AM looking into /mnt/winds/data2/nnn/ERA5/BARO_N/2001_aLWAb_N.nc now
10/04/2023 10:52:09 AM looking into /mnt/winds/data2/nnn/ERA5/BARO_N/2002_aLWAb_N.nc now
10/04/2023 10:52:11 AM looking into /mnt/winds/data2/nnn/ERA5/BARO_N/2003_aLWAb_N.nc now
10/04/2023 10:52:13 AM looking into /mnt/winds/data2/nnn/ERA5/BARO_N/2004_aLWAb_N.nc now
10/04/2023 10:52:16 AM looking into /mnt/winds/data2/nnn/ERA5/BARO_N/2005_aLWAb_N.nc now
10/04/2023 10:52:18 AM looking into /mnt/winds/data2/nnn/ERA5/BARO_N/2006_aLWAb_N.nc now
10/04/2023 10:52:20 AM looking into /mnt/winds/data2/nnn/ERA5/BARO_N/2007_aLWAb_N.nc now
10/04/2023 10:52:22 AM looking into /mnt/winds/data2/nnn/ERA5/BARO_N/2008_aLWAb_N.nc now
10/04/2023 10:52:25 AM looking into /mnt/winds/data2/nnn/ERA5/BARO_N/2009_aLWAb_N.nc now
10/04/2023 10:52:27 AM looking into /mnt/winds/data2/nnn/ERA5/BARO_N/2010_aLWAb_N.nc now
10/04/2023 10:52:29 AM looking into /mnt/winds/data2/nnn/ERA5/BARO_N/2011_aLWAb_N.nc now
10/04/2023 10:52:32 AM looking into /mnt/winds/data2/nnn/ERA5/BARO_N/2012_aLWAb_N.nc now
10/04/2023 10:52:34 AM looking into /mnt/winds/data2/nnn/ERA5/BARO_N/2013_aLWAb_N.nc now
10/04/2023 10:52:37 AM looking into /mnt/winds/data2/nnn/ERA5/BARO_N/2014_aLWAb_N.nc now
10/04/2023 10:52:40 AM looking into /mnt/winds/data2/nnn/ERA5/BARO_N/2015_aLWAb_N.nc now
10/04/2023 10:52:42 AM looking into /mnt/winds/data2/nnn/ERA5/BARO_N/2016_aLWAb_N.nc now
10/04/2023 10:52:44 AM looking into /mnt/winds/data2/nnn/ERA5/BARO_N/2017_aLWAb_N.nc now
10/04/2023 10:52:47 AM looking into /mnt/winds/data2/nnn/ERA5/BARO_N/2018_aLWAb_N.nc now
10/04/2023 10:52:49 AM looking into /mnt/winds/data2/nnn/ERA5/BARO_N/2019_aLWAb_N.nc now
10/04/2023 10:52:51 AM looking into /mnt/winds/data2/nnn/ERA5/BARO_N/2020_aLWAb_N.nc now
10/04/2023 10:52:53 AM looking into /mnt/winds/data2/nnn/ERA5/BARO_N/2021_aLWAb_N.nc now
10/04/2023 10:52:56 AM looking into /mnt/winds/data2/nnn/ERA5/BARO_N/2022_aLWAb_N.nc now
10/04/2023 10:53:02 AM Saved into hdf5 -> /data/pragallva/2023_repeat_ERA5//post_processing/parameters/aA_N.hdf5
10/04/2023 10:53:02 AM Time taken for this 106.517
10/04/2023 10:53:02 AM ############################################
10/04/2023 10:53:02 AM ############################################
10/04/2023 10:53:02 AM                                             
10/04/2023 10:53:02 AM                                             
10/04/2023 10:53:02 AM ############################################
10/04/2023 10:53:02 AM ############################################
10/04/2023 10:53:02 AM cLWAb_N extracting now
10/04/2023 10:53:02 AM looking into /mnt/winds/data2/nnn/ERA5/BARO_N/1979_cLWAb_N.nc now
10/04/2023 10:53:04 AM looking into /mnt/winds/data2/nnn/ERA5/BARO_N/1980_cLWAb_N.nc now
10/04/2023 10:53:07 AM looking into /mnt/winds/data2/nnn/ERA5/BARO_N/1981_cLWAb_N.nc now
10/04/2023 10:53:09 AM looking into /mnt/winds/data2/nnn/ERA5/BARO_N/1982_cLWAb_N.nc now
10/04/2023 10:53:11 AM looking into /mnt/winds/data2/nnn/ERA5/BARO_N/1983_cLWAb_N.nc now
10/04/2023 10:53:14 AM looking into /mnt/winds/data2/nnn/ERA5/BARO_N/1984_cLWAb_N.nc now
10/04/2023 10:53:16 AM looking into /mnt/winds/data2/nnn/ERA5/BARO_N/1985_cLWAb_N.nc now
10/04/2023 10:53:18 AM looking into /mnt/winds/data2/nnn/ERA5/BARO_N/1986_cLWAb_N.nc now
10/04/2023 10:53:20 AM looking into /mnt/winds/data2/nnn/ERA5/BARO_N/1987_cLWAb_N.nc now
10/04/2023 10:53:23 AM looking into /mnt/winds/data2/nnn/ERA5/BARO_N/1988_cLWAb_N.nc now
10/04/2023 10:53:25 AM looking into /mnt/winds/data2/nnn/ERA5/BARO_N/1989_cLWAb_N.nc now
10/04/2023 10:53:27 AM looking into /mnt/winds/data2/nnn/ERA5/BARO_N/1990_cLWAb_N.nc now
10/04/2023 10:53:30 AM looking into /mnt/winds/data2/nnn/ERA5/BARO_N/1991_cLWAb_N.nc now
10/04/2023 10:53:32 AM looking into /mnt/winds/data2/nnn/ERA5/BARO_N/1992_cLWAb_N.nc now
10/04/2023 10:53:34 AM looking into /mnt/winds/data2/nnn/ERA5/BARO_N/1993_cLWAb_N.nc now
10/04/2023 10:53:36 AM looking into /mnt/winds/data2/nnn/ERA5/BARO_N/1994_cLWAb_N.nc now
10/04/2023 10:53:39 AM looking into /mnt/winds/data2/nnn/ERA5/BARO_N/1995_cLWAb_N.nc now
10/04/2023 10:53:41 AM looking into /mnt/winds/data2/nnn/ERA5/BARO_N/1996_cLWAb_N.nc now
10/04/2023 10:53:43 AM looking into /mnt/winds/data2/nnn/ERA5/BARO_N/1997_cLWAb_N.nc now
10/04/2023 10:53:45 AM looking into /mnt/winds/data2/nnn/ERA5/BARO_N/1998_cLWAb_N.nc now
10/04/2023 10:53:48 AM looking into /mnt/winds/data2/nnn/ERA5/BARO_N/1999_cLWAb_N.nc now
10/04/2023 10:53:50 AM looking into /mnt/winds/data2/nnn/ERA5/BARO_N/2000_cLWAb_N.nc now
10/04/2023 10:53:52 AM looking into /mnt/winds/data2/nnn/ERA5/BARO_N/2001_cLWAb_N.nc now
10/04/2023 10:53:56 AM looking into /mnt/winds/data2/nnn/ERA5/BARO_N/2002_cLWAb_N.nc now
10/04/2023 10:53:58 AM looking into /mnt/winds/data2/nnn/ERA5/BARO_N/2003_cLWAb_N.nc now
10/04/2023 10:54:00 AM looking into /mnt/winds/data2/nnn/ERA5/BARO_N/2004_cLWAb_N.nc now
10/04/2023 10:54:02 AM looking into /mnt/winds/data2/nnn/ERA5/BARO_N/2005_cLWAb_N.nc now
10/04/2023 10:54:05 AM looking into /mnt/winds/data2/nnn/ERA5/BARO_N/2006_cLWAb_N.nc now
10/04/2023 10:54:07 AM looking into /mnt/winds/data2/nnn/ERA5/BARO_N/2007_cLWAb_N.nc now
10/04/2023 10:54:09 AM looking into /mnt/winds/data2/nnn/ERA5/BARO_N/2008_cLWAb_N.nc now
10/04/2023 10:54:12 AM looking into /mnt/winds/data2/nnn/ERA5/BARO_N/2009_cLWAb_N.nc now
10/04/2023 10:54:14 AM looking into /mnt/winds/data2/nnn/ERA5/BARO_N/2010_cLWAb_N.nc now
10/04/2023 10:54:16 AM looking into /mnt/winds/data2/nnn/ERA5/BARO_N/2011_cLWAb_N.nc now
10/04/2023 10:54:19 AM looking into /mnt/winds/data2/nnn/ERA5/BARO_N/2012_cLWAb_N.nc now
10/04/2023 10:54:21 AM looking into /mnt/winds/data2/nnn/ERA5/BARO_N/2013_cLWAb_N.nc now
10/04/2023 10:54:23 AM looking into /mnt/winds/data2/nnn/ERA5/BARO_N/2014_cLWAb_N.nc now
10/04/2023 10:54:25 AM looking into /mnt/winds/data2/nnn/ERA5/BARO_N/2015_cLWAb_N.nc now
10/04/2023 10:54:28 AM looking into /mnt/winds/data2/nnn/ERA5/BARO_N/2016_cLWAb_N.nc now
10/04/2023 10:54:30 AM looking into /mnt/winds/data2/nnn/ERA5/BARO_N/2017_cLWAb_N.nc now
10/04/2023 10:54:32 AM looking into /mnt/winds/data2/nnn/ERA5/BARO_N/2018_cLWAb_N.nc now
10/04/2023 10:54:34 AM looking into /mnt/winds/data2/nnn/ERA5/BARO_N/2019_cLWAb_N.nc now
10/04/2023 10:54:37 AM looking into /mnt/winds/data2/nnn/ERA5/BARO_N/2020_cLWAb_N.nc now
10/04/2023 10:54:39 AM looking into /mnt/winds/data2/nnn/ERA5/BARO_N/2021_cLWAb_N.nc now
10/04/2023 10:54:41 AM looking into /mnt/winds/data2/nnn/ERA5/BARO_N/2022_cLWAb_N.nc now
10/04/2023 10:54:48 AM Saved into hdf5 -> /data/pragallva/2023_repeat_ERA5//post_processing/parameters/cA_N.hdf5
10/04/2023 10:54:48 AM Time taken for this 106.198
10/04/2023 10:54:48 AM ############################################
10/04/2023 10:54:48 AM ############################################
10/04/2023 10:54:48 AM                                             
10/04/2023 10:54:48 AM                                             
10/04/2023 10:54:48 AM ############################################
10/04/2023 10:54:48 AM ############################################
10/04/2023 10:54:48 AM Great! Finished succesfully! You had a good day on 04.10.2023!!
